#
# A fatal error has been detected by the Java Runtime Environment:
#
#  EXCEPTION_ACCESS_VIOLATION (0xc0000005) at pc=0x00007ffd7e9bde59, pid=5380, tid=9116
#
# JRE version: Java(TM) SE Runtime Environment (11.0.1+13) (build 11.0.1+13-LTS)
# Java VM: Java HotSpot(TM) 64-Bit Server VM (11.0.1+13-LTS, mixed mode, tiered, compressed oops, g1 gc, windows-amd64)
# Problematic frame:
# V  [jvm.dll+0x6cde59]
#
# No core dump will be written. Minidumps are not enabled by default on client versions of Windows
#
# If you would like to submit a bug report, please visit:
#   http://bugreport.java.com/bugreport/crash.jsp
#

---------------  S U M M A R Y ------------

Command Line: -Dcom.sun.management.jmxremote -Dcom.sun.management.jmxremote.port=54335 -Dcom.sun.management.jmxremote.authenticate=false -Dcom.sun.management.jmxremote.ssl=false -Djava.rmi.server.hostname=localhost -Dspring.jmx.enabled=true -Dspring.liveBeansView.mbeanDomain -Dspring.application.admin.enabled=true -Xverify:none -XX:TieredStopAtLevel=1 -Dfile.encoding=UTF-8 com.alanfalcoski.cursomc.CursomcApplication --spring.output.ansi.enabled=always

Host: Intel(R) Core(TM) i5-7400 CPU @ 3.00GHz, 4 cores, 7G,  Windows 10 , 64 bit Build 17763 (10.0.17763.475)
Time: Sat Dec 14 20:07:37 2019 Hora oficial do Brasil elapsed time: 0 seconds (0d 0h 0m 0s)

---------------  T H R E A D  ---------------

Current thread (0x0000025dbe226800):  WatcherThread [stack: 0x000000cab9800000,0x000000cab9900000] [id=9116]

Stack: [0x000000cab9800000,0x000000cab9900000],  sp=0x000000cab98ff8a0,  free space=1022k
Native frames: (J=compiled Java code, j=interpreted, Vv=VM code, C=native code)
V  [java.dll+0x6cde59]
V  [jvm.dll+0x71987d]
V  [jvm.dll+0x73f229]
V  [jvm.dll+0x63b2b2]
C  [ucrtbase.dll+0x21ffa]
C  [KERNEL32.DLL+0x17974]
C  [ntdll.dll+0x6a271]


siginfo: EXCEPTION_ACCESS_VIOLATION (0xc0000005), reading address 0x0000025d0000000f


Register to memory mapping:

RIP=0x00007ffd7e9bde59 jvm.dll
RAX=0x0000025dbe2118b0 points into unknown readable memory
RBX=0x0 is NULL
RCX=0x0000025d0000000f is an unknown value
RDX=0x000000000000003e is an unknown value
RSP=0x000000cab98ff8a0 points into unknown readable memory
RBP=0x0000000000000002 is an unknown value
RSI=0x0000025dbe211610 points into unknown readable memory
RDI=0x0 is NULL
R8 =0x0 is NULL
R9 =0x0000025da6970b80 is at begin+0 in a stub
StubRoutines::atomic_cmpxchg_long [0x0000025da6970b80, 0x0000025da6970b89[ (9 bytes)
R10=0x00000000546c6148 is an unknown value
R11=0xffffffffef884480 is an unknown value
R12=0x0 is NULL
R13=0x0000025dbe226800 points into unknown readable memory
R14=0x000000000000003e is an unknown value
R15=0x0000025dbe081290 points into unknown readable memory


Registers:
RAX=0x0000025dbe2118b0, RBX=0x0000000000000000, RCX=0x0000025d0000000f, RDX=0x000000000000003e
RSP=0x000000cab98ff8a0, RBP=0x0000000000000002, RSI=0x0000025dbe211610, RDI=0x0000000000000000
R8 =0x0000000000000000, R9 =0x0000025da6970b80, R10=0x00000000546c6148, R11=0xffffffffef884480
R12=0x0000000000000000, R13=0x0000025dbe226800, R14=0x000000000000003e, R15=0x0000025dbe081290
RIP=0x00007ffd7e9bde59, EFLAGS=0x0000000000010202

Top of Stack: (sp=0x000000cab98ff8a0)
0x000000cab98ff8a0:   0000025dbe226800 0000025dbe226800
0x000000cab98ff8b0:   00001665acf86fec 00007ffd7e8fece9
0x000000cab98ff8c0:   00007ffd7ed7c618 00007ffd7ea0987d
0x000000cab98ff8d0:   0000000000000001 0000025d9e65e460
0x000000cab98ff8e0:   0000025d9e65e460 431bde82d7b634db
0x000000cab98ff8f0:   0000025dbe081290 00001665acf86fec
0x000000cab98ff900:   0000025d9e65e460 00007ffd7ea2f229
0x000000cab98ff910:   0000000000000001 000000000000003e
0x000000cab98ff920:   0000000000000032 0000000000000002
0x000000cab98ff930:   0000000000000000 0000000000000000
0x000000cab98ff940:   0000000000000000 0000000000000000
0x000000cab98ff950:   0000000000000000 0000000000000000
0x000000cab98ff960:   0000000000000000 0000000000000000
0x000000cab98ff970:   0000000000000000 0000000000000000
0x000000cab98ff980:   0000000000000000 000000cab98ffd40
0x000000cab98ff990:   0000025dbe226800 00007ffd7e92b2b2 

Instructions: (pc=0x00007ffd7e9bde59)
0x00007ffd7e9bde39:   20 48 8b 35 97 96 3b 00 33 db 48 8b 06 39 18 7e
0x00007ffd7e9bde49:   27 48 89 7c 24 30 8b fb 48 8b 40 18 48 8b 0c 07
0x00007ffd7e9bde59:   48 8b 01 ff 50 08 48 8b 06 48 8d 7f 08 ff c3 3b
0x00007ffd7e9bde69:   18 7c e5 48 8b 7c 24 30 48 8b 5c 24 38 48 83 c4 



---------------  P R O C E S S  ---------------

Threads class SMR info:
_java_thread_list=0x0000025dbe19d870, length=14, elements={
0x0000025d9e661000, 0x0000025dbc7d9000, 0x0000025dbc7e2800, 0x0000025dbd162000,
0x0000025dbc7f0800, 0x0000025dbc7f3800, 0x0000025dbd113800, 0x0000025dbc76e000,
0x0000025dbd376800, 0x0000025dbd50c800, 0x0000025dbe1bd000, 0x0000025dbe1c2000,
0x0000025dbe21a800, 0x0000025dbe346800
}

Java Threads: ( => current thread )
  0x0000025d9e661000 JavaThread "main" [_thread_in_vm, id=7672, stack(0x000000cab8400000,0x000000cab8500000)]
  0x0000025dbc7d9000 JavaThread "Reference Handler" daemon [_thread_blocked, id=10608, stack(0x000000cab8b00000,0x000000cab8c00000)]
  0x0000025dbc7e2800 JavaThread "Finalizer" daemon [_thread_blocked, id=1036, stack(0x000000cab8c00000,0x000000cab8d00000)]
  0x0000025dbd162000 JavaThread "Signal Dispatcher" daemon [_thread_blocked, id=11480, stack(0x000000cab8d00000,0x000000cab8e00000)]
  0x0000025dbc7f0800 JavaThread "Attach Listener" daemon [_thread_blocked, id=696, stack(0x000000cab8e00000,0x000000cab8f00000)]
  0x0000025dbc7f3800 JavaThread "C1 CompilerThread0" daemon [_thread_blocked, id=5284, stack(0x000000cab8f00000,0x000000cab9000000)]
  0x0000025dbd113800 JavaThread "Sweeper thread" daemon [_thread_blocked, id=1336, stack(0x000000cab9000000,0x000000cab9100000)]
  0x0000025dbc76e000 JavaThread "Common-Cleaner" daemon [_thread_blocked, id=4868, stack(0x000000cab9100000,0x000000cab9200000)]
  0x0000025dbd376800 JavaThread "Service Thread" daemon [_thread_blocked, id=10324, stack(0x000000cab9200000,0x000000cab9300000)]
  0x0000025dbd50c800 JavaThread "C1 CompilerThread1" daemon [_thread_blocked, id=11696, stack(0x000000cab9300000,0x000000cab9400000)]
  0x0000025dbe1bd000 JavaThread "RMI TCP Accept-0" daemon [_thread_in_native, id=7968, stack(0x000000cab9500000,0x000000cab9600000)]
  0x0000025dbe1c2000 JavaThread "RMI TCP Accept-54335" daemon [_thread_in_native, id=8116, stack(0x000000cab9600000,0x000000cab9700000)]
  0x0000025dbe21a800 JavaThread "RMI TCP Accept-0" daemon [_thread_in_native, id=10500, stack(0x000000cab9700000,0x000000cab9800000)]
  0x0000025dbe346800 JavaThread "C1 CompilerThread2" daemon [_thread_blocked, id=8580, stack(0x000000cab9900000,0x000000cab9a00000)]

Other Threads:
  0x0000025dbc7b3000 VMThread "VM Thread" [stack: 0x000000cab8a00000,0x000000cab8b00000] [id=5720]
=>0x0000025dbe226800 WatcherThread [stack: 0x000000cab9800000,0x000000cab9900000] [id=9116]
  0x0000025d9e676000 GCTaskThread "GC Thread#0" [stack: 0x000000cab8500000,0x000000cab8600000] [id=2360]
  0x0000025dbdd01800 GCTaskThread "GC Thread#1" [stack: 0x000000cab9400000,0x000000cab9500000] [id=5080]
  0x0000025d9e6a8000 ConcurrentGCThread "G1 Main Marker" [stack: 0x000000cab8600000,0x000000cab8700000] [id=3252]
  0x0000025d9e6a9000 ConcurrentGCThread "G1 Conc#0" [stack: 0x000000cab8700000,0x000000cab8800000] [id=7572]
  0x0000025dbc621800 ConcurrentGCThread "G1 Refine#0" [stack: 0x000000cab8800000,0x000000cab8900000] [id=4460]
  0x0000025dbc622800 ConcurrentGCThread "G1 Young RemSet Sampling" [stack: 0x000000cab8900000,0x000000cab8a00000] [id=10132]

Threads with active compile tasks:

VM state:not at safepoint (normal execution)

VM Mutex/Monitor currently owned by a thread:  ([mutex/lock_event])
[0x0000025d9e65e460] PeriodicTask_lock - owner thread: 0x0000025dbe226800

Heap address: 0x0000000084a00000, size: 1974 MB, Compressed Oops mode: 32-bit
Narrow klass base: 0x0000000000000000, Narrow klass shift: 3
Compressed class space size: 1073741824 Address: 0x0000000100000000

Heap:
 garbage-first heap   total 126976K, used 26698K [0x0000000084a00000, 0x0000000100000000)
  region size 1024K, 12 young (12288K), 2 survivors (2048K)
 Metaspace       used 13571K, capacity 13919K, committed 14208K, reserved 1062912K
  class space    used 1432K, capacity 1541K, committed 1664K, reserved 1048576K
Heap Regions: E=young(eden), S=young(survivor), O=old, HS=humongous(starts), HC=humongous(continues), CS=collection set, F=free, A=archive, TAMS=top-at-mark-start (previous, next)
|   0|0x0000000084a00000, 0x0000000084b00000, 0x0000000084b00000|100%|HS|  |TAMS 0x0000000084a00000, 0x0000000084a00000| Complete 
|   1|0x0000000084b00000, 0x0000000084c00000, 0x0000000084c00000|100%| O|  |TAMS 0x0000000084b00000, 0x0000000084b00000| Untracked 
|   2|0x0000000084c00000, 0x0000000084d00000, 0x0000000084d00000|100%| O|  |TAMS 0x0000000084c00000, 0x0000000084c00000| Untracked 
|   3|0x0000000084d00000, 0x0000000084e00000, 0x0000000084e00000|100%| O|  |TAMS 0x0000000084d00000, 0x0000000084d00000| Untracked 
|   4|0x0000000084e00000, 0x0000000084f00000, 0x0000000084f00000|100%| O|  |TAMS 0x0000000084e00000, 0x0000000084e00000| Untracked 
|   5|0x0000000084f00000, 0x0000000085000000, 0x0000000085000000|100%| O|  |TAMS 0x0000000084f00000, 0x0000000084f00000| Untracked 
|   6|0x0000000085000000, 0x0000000085100000, 0x0000000085100000|100%| O|  |TAMS 0x0000000085000000, 0x0000000085000000| Untracked 
|   7|0x0000000085100000, 0x0000000085200000, 0x0000000085200000|100%| O|  |TAMS 0x0000000085100000, 0x0000000085100000| Untracked 
|   8|0x0000000085200000, 0x0000000085300000, 0x0000000085300000|100%| O|  |TAMS 0x0000000085200000, 0x0000000085200000| Untracked 
|   9|0x0000000085300000, 0x0000000085400000, 0x0000000085400000|100%| O|  |TAMS 0x0000000085300000, 0x0000000085300000| Untracked 
|  10|0x0000000085400000, 0x0000000085500000, 0x0000000085500000|100%| O|  |TAMS 0x0000000085400000, 0x0000000085400000| Untracked 
|  11|0x0000000085500000, 0x0000000085600000, 0x0000000085600000|100%| O|  |TAMS 0x0000000085500000, 0x0000000085500000| Untracked 
|  12|0x0000000085600000, 0x0000000085700000, 0x0000000085700000|100%| O|  |TAMS 0x0000000085600000, 0x0000000085600000| Untracked 
|  13|0x0000000085700000, 0x0000000085800000, 0x0000000085800000|100%| O|  |TAMS 0x0000000085700000, 0x0000000085700000| Untracked 
|  14|0x0000000085800000, 0x0000000085900000, 0x0000000085900000|100%| O|  |TAMS 0x0000000085800000, 0x0000000085800000| Untracked 
|  15|0x0000000085900000, 0x0000000085912a00, 0x0000000085a00000|  7%| O|  |TAMS 0x0000000085900000, 0x0000000085900000| Untracked 
|  16|0x0000000085a00000, 0x0000000085a00000, 0x0000000085b00000|  0%| F|  |TAMS 0x0000000085a00000, 0x0000000085a00000| Untracked 
|  17|0x0000000085b00000, 0x0000000085b00000, 0x0000000085c00000|  0%| F|  |TAMS 0x0000000085b00000, 0x0000000085b00000| Untracked 
|  18|0x0000000085c00000, 0x0000000085c00000, 0x0000000085d00000|  0%| F|  |TAMS 0x0000000085c00000, 0x0000000085c00000| Untracked 
|  19|0x0000000085d00000, 0x0000000085d00000, 0x0000000085e00000|  0%| F|  |TAMS 0x0000000085d00000, 0x0000000085d00000| Untracked 
|  20|0x0000000085e00000, 0x0000000085e00000, 0x0000000085f00000|  0%| F|  |TAMS 0x0000000085e00000, 0x0000000085e00000| Untracked 
|  21|0x0000000085f00000, 0x0000000085f00000, 0x0000000086000000|  0%| F|  |TAMS 0x0000000085f00000, 0x0000000085f00000| Untracked 
|  22|0x0000000086000000, 0x0000000086000000, 0x0000000086100000|  0%| F|  |TAMS 0x0000000086000000, 0x0000000086000000| Untracked 
|  23|0x0000000086100000, 0x0000000086100000, 0x0000000086200000|  0%| F|  |TAMS 0x0000000086100000, 0x0000000086100000| Untracked 
|  24|0x0000000086200000, 0x0000000086200000, 0x0000000086300000|  0%| F|  |TAMS 0x0000000086200000, 0x0000000086200000| Untracked 
|  25|0x0000000086300000, 0x0000000086300000, 0x0000000086400000|  0%| F|  |TAMS 0x0000000086300000, 0x0000000086300000| Untracked 
|  26|0x0000000086400000, 0x0000000086400000, 0x0000000086500000|  0%| F|  |TAMS 0x0000000086400000, 0x0000000086400000| Untracked 
|  27|0x0000000086500000, 0x0000000086500000, 0x0000000086600000|  0%| F|  |TAMS 0x0000000086500000, 0x0000000086500000| Untracked 
|  28|0x0000000086600000, 0x0000000086600000, 0x0000000086700000|  0%| F|  |TAMS 0x0000000086600000, 0x0000000086600000| Untracked 
|  29|0x0000000086700000, 0x0000000086700000, 0x0000000086800000|  0%| F|  |TAMS 0x0000000086700000, 0x0000000086700000| Untracked 
|  30|0x0000000086800000, 0x0000000086800000, 0x0000000086900000|  0%| F|  |TAMS 0x0000000086800000, 0x0000000086800000| Untracked 
|  31|0x0000000086900000, 0x0000000086900000, 0x0000000086a00000|  0%| F|  |TAMS 0x0000000086900000, 0x0000000086900000| Untracked 
|  32|0x0000000086a00000, 0x0000000086a00000, 0x0000000086b00000|  0%| F|  |TAMS 0x0000000086a00000, 0x0000000086a00000| Untracked 
|  33|0x0000000086b00000, 0x0000000086b00000, 0x0000000086c00000|  0%| F|  |TAMS 0x0000000086b00000, 0x0000000086b00000| Untracked 
|  34|0x0000000086c00000, 0x0000000086c00000, 0x0000000086d00000|  0%| F|  |TAMS 0x0000000086c00000, 0x0000000086c00000| Untracked 
|  35|0x0000000086d00000, 0x0000000086d00000, 0x0000000086e00000|  0%| F|  |TAMS 0x0000000086d00000, 0x0000000086d00000| Untracked 
|  36|0x0000000086e00000, 0x0000000086e00000, 0x0000000086f00000|  0%| F|  |TAMS 0x0000000086e00000, 0x0000000086e00000| Untracked 
|  37|0x0000000086f00000, 0x0000000086f00000, 0x0000000087000000|  0%| F|  |TAMS 0x0000000086f00000, 0x0000000086f00000| Untracked 
|  38|0x0000000087000000, 0x0000000087000000, 0x0000000087100000|  0%| F|  |TAMS 0x0000000087000000, 0x0000000087000000| Untracked 
|  39|0x0000000087100000, 0x0000000087100000, 0x0000000087200000|  0%| F|  |TAMS 0x0000000087100000, 0x0000000087100000| Untracked 
|  40|0x0000000087200000, 0x0000000087200000, 0x0000000087300000|  0%| F|  |TAMS 0x0000000087200000, 0x0000000087200000| Untracked 
|  41|0x0000000087300000, 0x0000000087300000, 0x0000000087400000|  0%| F|  |TAMS 0x0000000087300000, 0x0000000087300000| Untracked 
|  42|0x0000000087400000, 0x0000000087400000, 0x0000000087500000|  0%| F|  |TAMS 0x0000000087400000, 0x0000000087400000| Untracked 
|  43|0x0000000087500000, 0x0000000087500000, 0x0000000087600000|  0%| F|  |TAMS 0x0000000087500000, 0x0000000087500000| Untracked 
|  44|0x0000000087600000, 0x0000000087600000, 0x0000000087700000|  0%| F|  |TAMS 0x0000000087600000, 0x0000000087600000| Untracked 
|  45|0x0000000087700000, 0x0000000087700000, 0x0000000087800000|  0%| F|  |TAMS 0x0000000087700000, 0x0000000087700000| Untracked 
|  46|0x0000000087800000, 0x0000000087800000, 0x0000000087900000|  0%| F|  |TAMS 0x0000000087800000, 0x0000000087800000| Untracked 
|  47|0x0000000087900000, 0x0000000087900000, 0x0000000087a00000|  0%| F|  |TAMS 0x0000000087900000, 0x0000000087900000| Untracked 
|  48|0x0000000087a00000, 0x0000000087a00000, 0x0000000087b00000|  0%| F|  |TAMS 0x0000000087a00000, 0x0000000087a00000| Untracked 
|  49|0x0000000087b00000, 0x0000000087b00000, 0x0000000087c00000|  0%| F|  |TAMS 0x0000000087b00000, 0x0000000087b00000| Untracked 
|  50|0x0000000087c00000, 0x0000000087c00000, 0x0000000087d00000|  0%| F|  |TAMS 0x0000000087c00000, 0x0000000087c00000| Untracked 
|  51|0x0000000087d00000, 0x0000000087d00000, 0x0000000087e00000|  0%| F|  |TAMS 0x0000000087d00000, 0x0000000087d00000| Untracked 
|  52|0x0000000087e00000, 0x0000000087e00000, 0x0000000087f00000|  0%| F|  |TAMS 0x0000000087e00000, 0x0000000087e00000| Untracked 
|  53|0x0000000087f00000, 0x0000000087f00000, 0x0000000088000000|  0%| F|  |TAMS 0x0000000087f00000, 0x0000000087f00000| Untracked 
|  54|0x0000000088000000, 0x0000000088000000, 0x0000000088100000|  0%| F|  |TAMS 0x0000000088000000, 0x0000000088000000| Untracked 
|  55|0x0000000088100000, 0x0000000088100000, 0x0000000088200000|  0%| F|  |TAMS 0x0000000088100000, 0x0000000088100000| Untracked 
|  56|0x0000000088200000, 0x0000000088200000, 0x0000000088300000|  0%| F|  |TAMS 0x0000000088200000, 0x0000000088200000| Untracked 
|  57|0x0000000088300000, 0x0000000088300000, 0x0000000088400000|  0%| F|  |TAMS 0x0000000088300000, 0x0000000088300000| Untracked 
|  58|0x0000000088400000, 0x0000000088400000, 0x0000000088500000|  0%| F|  |TAMS 0x0000000088400000, 0x0000000088400000| Untracked 
|  59|0x0000000088500000, 0x0000000088500000, 0x0000000088600000|  0%| F|  |TAMS 0x0000000088500000, 0x0000000088500000| Untracked 
|  60|0x0000000088600000, 0x0000000088600000, 0x0000000088700000|  0%| F|  |TAMS 0x0000000088600000, 0x0000000088600000| Untracked 
|  61|0x0000000088700000, 0x0000000088700000, 0x0000000088800000|  0%| F|  |TAMS 0x0000000088700000, 0x0000000088700000| Untracked 
|  62|0x0000000088800000, 0x0000000088800000, 0x0000000088900000|  0%| F|  |TAMS 0x0000000088800000, 0x0000000088800000| Untracked 
|  63|0x0000000088900000, 0x0000000088900000, 0x0000000088a00000|  0%| F|  |TAMS 0x0000000088900000, 0x0000000088900000| Untracked 
|  64|0x0000000088a00000, 0x0000000088a00000, 0x0000000088b00000|  0%| F|  |TAMS 0x0000000088a00000, 0x0000000088a00000| Untracked 
|  65|0x0000000088b00000, 0x0000000088b00000, 0x0000000088c00000|  0%| F|  |TAMS 0x0000000088b00000, 0x0000000088b00000| Untracked 
|  66|0x0000000088c00000, 0x0000000088c00000, 0x0000000088d00000|  0%| F|  |TAMS 0x0000000088c00000, 0x0000000088c00000| Untracked 
|  67|0x0000000088d00000, 0x0000000088d00000, 0x0000000088e00000|  0%| F|  |TAMS 0x0000000088d00000, 0x0000000088d00000| Untracked 
|  68|0x0000000088e00000, 0x0000000088e00000, 0x0000000088f00000|  0%| F|  |TAMS 0x0000000088e00000, 0x0000000088e00000| Untracked 
|  69|0x0000000088f00000, 0x0000000088f00000, 0x0000000089000000|  0%| F|  |TAMS 0x0000000088f00000, 0x0000000088f00000| Untracked 
|  70|0x0000000089000000, 0x0000000089000000, 0x0000000089100000|  0%| F|  |TAMS 0x0000000089000000, 0x0000000089000000| Untracked 
|  71|0x0000000089100000, 0x0000000089100000, 0x0000000089200000|  0%| F|  |TAMS 0x0000000089100000, 0x0000000089100000| Untracked 
|  72|0x0000000089200000, 0x0000000089200000, 0x0000000089300000|  0%| F|  |TAMS 0x0000000089200000, 0x0000000089200000| Untracked 
|  73|0x0000000089300000, 0x0000000089300000, 0x0000000089400000|  0%| F|  |TAMS 0x0000000089300000, 0x0000000089300000| Untracked 
|  74|0x0000000089400000, 0x0000000089400000, 0x0000000089500000|  0%| F|  |TAMS 0x0000000089400000, 0x0000000089400000| Untracked 
|  75|0x0000000089500000, 0x0000000089500000, 0x0000000089600000|  0%| F|  |TAMS 0x0000000089500000, 0x0000000089500000| Untracked 
|  76|0x0000000089600000, 0x0000000089600000, 0x0000000089700000|  0%| F|  |TAMS 0x0000000089600000, 0x0000000089600000| Untracked 
|  77|0x0000000089700000, 0x0000000089700000, 0x0000000089800000|  0%| F|  |TAMS 0x0000000089700000, 0x0000000089700000| Untracked 
|  78|0x0000000089800000, 0x0000000089800000, 0x0000000089900000|  0%| F|  |TAMS 0x0000000089800000, 0x0000000089800000| Untracked 
|  79|0x0000000089900000, 0x0000000089900000, 0x0000000089a00000|  0%| F|  |TAMS 0x0000000089900000, 0x0000000089900000| Untracked 
|  80|0x0000000089a00000, 0x0000000089a00000, 0x0000000089b00000|  0%| F|  |TAMS 0x0000000089a00000, 0x0000000089a00000| Untracked 
|  81|0x0000000089b00000, 0x0000000089b00000, 0x0000000089c00000|  0%| F|  |TAMS 0x0000000089b00000, 0x0000000089b00000| Untracked 
|  82|0x0000000089c00000, 0x0000000089c00000, 0x0000000089d00000|  0%| F|  |TAMS 0x0000000089c00000, 0x0000000089c00000| Untracked 
|  83|0x0000000089d00000, 0x0000000089d00000, 0x0000000089e00000|  0%| F|  |TAMS 0x0000000089d00000, 0x0000000089d00000| Untracked 
|  84|0x0000000089e00000, 0x0000000089e00000, 0x0000000089f00000|  0%| F|  |TAMS 0x0000000089e00000, 0x0000000089e00000| Untracked 
|  85|0x0000000089f00000, 0x0000000089f00000, 0x000000008a000000|  0%| F|  |TAMS 0x0000000089f00000, 0x0000000089f00000| Untracked 
|  86|0x000000008a000000, 0x000000008a000000, 0x000000008a100000|  0%| F|  |TAMS 0x000000008a000000, 0x000000008a000000| Untracked 
|  87|0x000000008a100000, 0x000000008a100000, 0x000000008a200000|  0%| F|  |TAMS 0x000000008a100000, 0x000000008a100000| Untracked 
|  88|0x000000008a200000, 0x000000008a200000, 0x000000008a300000|  0%| F|  |TAMS 0x000000008a200000, 0x000000008a200000| Untracked 
|  89|0x000000008a300000, 0x000000008a300000, 0x000000008a400000|  0%| F|  |TAMS 0x000000008a300000, 0x000000008a300000| Untracked 
|  90|0x000000008a400000, 0x000000008a400000, 0x000000008a500000|  0%| F|  |TAMS 0x000000008a400000, 0x000000008a400000| Untracked 
|  91|0x000000008a500000, 0x000000008a500000, 0x000000008a600000|  0%| F|  |TAMS 0x000000008a500000, 0x000000008a500000| Untracked 
|  92|0x000000008a600000, 0x000000008a600000, 0x000000008a700000|  0%| F|  |TAMS 0x000000008a600000, 0x000000008a600000| Untracked 
|  93|0x000000008a700000, 0x000000008a700000, 0x000000008a800000|  0%| F|  |TAMS 0x000000008a700000, 0x000000008a700000| Untracked 
|  94|0x000000008a800000, 0x000000008a800000, 0x000000008a900000|  0%| F|  |TAMS 0x000000008a800000, 0x000000008a800000| Untracked 
|  95|0x000000008a900000, 0x000000008a900000, 0x000000008aa00000|  0%| F|  |TAMS 0x000000008a900000, 0x000000008a900000| Untracked 
|  96|0x000000008aa00000, 0x000000008aa00000, 0x000000008ab00000|  0%| F|  |TAMS 0x000000008aa00000, 0x000000008aa00000| Untracked 
|  97|0x000000008ab00000, 0x000000008ab00000, 0x000000008ac00000|  0%| F|  |TAMS 0x000000008ab00000, 0x000000008ab00000| Untracked 
|  98|0x000000008ac00000, 0x000000008ac00000, 0x000000008ad00000|  0%| F|  |TAMS 0x000000008ac00000, 0x000000008ac00000| Untracked 
|  99|0x000000008ad00000, 0x000000008ad00000, 0x000000008ae00000|  0%| F|  |TAMS 0x000000008ad00000, 0x000000008ad00000| Untracked 
| 100|0x000000008ae00000, 0x000000008ae00000, 0x000000008af00000|  0%| F|  |TAMS 0x000000008ae00000, 0x000000008ae00000| Untracked 
| 101|0x000000008af00000, 0x000000008af00000, 0x000000008b000000|  0%| F|  |TAMS 0x000000008af00000, 0x000000008af00000| Untracked 
| 102|0x000000008b000000, 0x000000008b000000, 0x000000008b100000|  0%| F|  |TAMS 0x000000008b000000, 0x000000008b000000| Untracked 
| 103|0x000000008b100000, 0x000000008b100000, 0x000000008b200000|  0%| F|  |TAMS 0x000000008b100000, 0x000000008b100000| Untracked 
| 104|0x000000008b200000, 0x000000008b200000, 0x000000008b300000|  0%| F|  |TAMS 0x000000008b200000, 0x000000008b200000| Untracked 
| 105|0x000000008b300000, 0x000000008b300000, 0x000000008b400000|  0%| F|  |TAMS 0x000000008b300000, 0x000000008b300000| Untracked 
| 106|0x000000008b400000, 0x000000008b400000, 0x000000008b500000|  0%| F|  |TAMS 0x000000008b400000, 0x000000008b400000| Untracked 
| 107|0x000000008b500000, 0x000000008b500000, 0x000000008b600000|  0%| F|  |TAMS 0x000000008b500000, 0x000000008b500000| Untracked 
| 108|0x000000008b600000, 0x000000008b600000, 0x000000008b700000|  0%| F|  |TAMS 0x000000008b600000, 0x000000008b600000| Untracked 
| 109|0x000000008b700000, 0x000000008b700000, 0x000000008b800000|  0%| F|  |TAMS 0x000000008b700000, 0x000000008b700000| Untracked 
| 110|0x000000008b800000, 0x000000008b800000, 0x000000008b900000|  0%| F|  |TAMS 0x000000008b800000, 0x000000008b800000| Untracked 
| 111|0x000000008b900000, 0x000000008b900000, 0x000000008ba00000|  0%| F|  |TAMS 0x000000008b900000, 0x000000008b900000| Untracked 
| 112|0x000000008ba00000, 0x000000008baa0580, 0x000000008bb00000| 62%| E|  |TAMS 0x000000008ba00000, 0x000000008ba00000| Complete 
| 113|0x000000008bb00000, 0x000000008bc00000, 0x000000008bc00000|100%| E|CS|TAMS 0x000000008bb00000, 0x000000008bb00000| Complete 
| 114|0x000000008bc00000, 0x000000008bd00000, 0x000000008bd00000|100%| S|CS|TAMS 0x000000008bc00000, 0x000000008bc00000| Complete 
| 115|0x000000008bd00000, 0x000000008be00000, 0x000000008be00000|100%| S|CS|TAMS 0x000000008bd00000, 0x000000008bd00000| Complete 
| 116|0x000000008be00000, 0x000000008bf00000, 0x000000008bf00000|100%| E|CS|TAMS 0x000000008be00000, 0x000000008be00000| Complete 
| 117|0x000000008bf00000, 0x000000008c000000, 0x000000008c000000|100%| E|CS|TAMS 0x000000008bf00000, 0x000000008bf00000| Complete 
| 118|0x000000008c000000, 0x000000008c100000, 0x000000008c100000|100%| E|CS|TAMS 0x000000008c000000, 0x000000008c000000| Complete 
| 119|0x000000008c100000, 0x000000008c200000, 0x000000008c200000|100%| E|CS|TAMS 0x000000008c100000, 0x000000008c100000| Complete 
| 120|0x000000008c200000, 0x000000008c300000, 0x000000008c300000|100%| E|CS|TAMS 0x000000008c200000, 0x000000008c200000| Complete 
| 121|0x000000008c300000, 0x000000008c400000, 0x000000008c400000|100%| E|CS|TAMS 0x000000008c300000, 0x000000008c300000| Complete 
| 122|0x000000008c400000, 0x000000008c500000, 0x000000008c500000|100%| E|CS|TAMS 0x000000008c400000, 0x000000008c400000| Complete 
| 123|0x000000008c500000, 0x000000008c600000, 0x000000008c600000|100%| E|CS|TAMS 0x000000008c500000, 0x000000008c500000| Complete 

Card table byte_map: [0x0000025db5d50000,0x0000025db6130000] _byte_map_base: 0x0000025db592b000

Marking Bits (Prev, Next): (CMBitMap*) 0x0000025d9e69f568, (CMBitMap*) 0x0000025d9e69f5a0
 Prev Bits: [0x0000025db6510000, 0x0000025db83e8000)
 Next Bits: [0x0000025db83f0000, 0x0000025dba2c8000)

Polling page: 0x0000025d9c480000

Metaspace:

Usage:
  Non-class:     12.21 MB capacity,    11.94 MB ( 98%) used,   250.58 KB (  2%) free+waste,    31.94 KB ( <1%) overhead. 
      Class:      1.51 MB capacity,     1.41 MB ( 93%) used,    85.49 KB (  6%) free+waste,    15.69 KB (  1%) overhead. 
       Both:     13.72 MB capacity,    13.35 MB ( 97%) used,   336.07 KB (  2%) free+waste,    47.63 KB ( <1%) overhead. 

Virtual space:
  Non-class space:       14.00 MB reserved,      12.25 MB ( 88%) committed 
      Class space:        1.00 GB reserved,       1.63 MB ( <1%) committed 
             Both:        1.01 GB reserved,      13.88 MB (  1%) committed 

Chunk freelists:
   Non-Class:  4.50 KB
       Class:  0 bytes
        Both:  4.50 KB

CodeHeap 'non-profiled nmethods': size=238912Kb used=1920Kb max_used=1920Kb free=236991Kb
 bounds [0x0000025da7020000, 0x0000025da7290000, 0x0000025db5970000]
CodeHeap 'non-nmethods': size=6848Kb used=2236Kb max_used=2236Kb free=4611Kb
 bounds [0x0000025da6970000, 0x0000025da6be0000, 0x0000025da7020000]
 total_blobs=1744 nmethods=1314 adapters=338
 compilation: enabled
              stopped_count=0, restarted_count=0
 full_count=0

Compilation events (10 events):
Event: 0.921 Thread 0x0000025dbc7f3800 1245   !   1       java.util.zip.ZipFile$ZipFileInflaterInputStream::close (67 bytes)
Event: 0.921 Thread 0x0000025dbd50c800 1246       1       java.util.zip.InflaterInputStream::close (34 bytes)
Event: 0.921 Thread 0x0000025dbe346800 1247       1       java.util.zip.ZipFile$InflaterCleanupAction::run (12 bytes)
Event: 0.921 Thread 0x0000025dbe346800 nmethod 1247 0x0000025da71dae90 code [0x0000025da71db040, 0x0000025da71db190]
Event: 0.921 Thread 0x0000025dbe346800 1248   !   1       java.util.zip.ZipFile$CleanableResource::releaseInflater (53 bytes)
Event: 0.921 Thread 0x0000025dbd50c800 nmethod 1246 0x0000025da71db290 code [0x0000025da71db460, 0x0000025da71db600]
Event: 0.921 Thread 0x0000025dbd50c800 1249   !   1       java.util.zip.Inflater::reset (64 bytes)
Event: 0.921 Thread 0x0000025dbc7f3800 nmethod 1245 0x0000025da71db710 code [0x0000025da71db900, 0x0000025da71dbce0]
Event: 0.921 Thread 0x0000025dbe346800 nmethod 1248 0x0000025da71dbf10 code [0x0000025da71dc0e0, 0x0000025da71dc470]
Event: 0.921 Thread 0x0000025dbd50c800 nmethod 1249 0x0000025da71dc610 code [0x0000025da71dc7e0, 0x0000025da71dcbc0]

GC Heap History (4 events):
Event: 0.423 GC heap before
{Heap before GC invocations=0 (full 0):
 garbage-first heap   total 126976K, used 14336K [0x0000000084a00000, 0x0000000100000000)
  region size 1024K, 14 young (14336K), 0 survivors (0K)
 Metaspace       used 6090K, capacity 6166K, committed 6272K, reserved 1056768K
  class space    used 540K, capacity 567K, committed 640K, reserved 1048576K
}
Event: 0.430 GC heap after
{Heap after GC invocations=1 (full 0):
 garbage-first heap   total 126976K, used 11722K [0x0000000084a00000, 0x0000000100000000)
  region size 1024K, 2 young (2048K), 2 survivors (2048K)
 Metaspace       used 6090K, capacity 6166K, committed 6272K, reserved 1056768K
  class space    used 540K, capacity 567K, committed 640K, reserved 1048576K
}
Event: 0.539 GC heap before
{Heap before GC invocations=1 (full 0):
 garbage-first heap   total 126976K, used 18890K [0x0000000084a00000, 0x0000000100000000)
  region size 1024K, 10 young (10240K), 2 survivors (2048K)
 Metaspace       used 8406K, capacity 8565K, committed 8704K, reserved 1056768K
  class space    used 845K, capacity 926K, committed 1024K, reserved 1048576K
}
Event: 0.544 GC heap after
{Heap after GC invocations=2 (full 0):
 garbage-first heap   total 126976K, used 17482K [0x0000000084a00000, 0x0000000100000000)
  region size 1024K, 2 young (2048K), 2 survivors (2048K)
 Metaspace       used 8406K, capacity 8565K, committed 8704K, reserved 1056768K
  class space    used 845K, capacity 926K, committed 1024K, reserved 1048576K
}

Deoptimization events (0 events):
No events

Classes redefined (0 events):
No events

Internal exceptions (10 events):
Event: 0.605 Thread 0x0000025d9e661000 Exception <a 'java/lang/NoSuchMethodError'{0x000000008c492db0}: java.lang.invoke.DirectMethodHandle$Holder.invokeStatic(Ljava/lang/Object;IIII)Ljava/lang/Object;> (0x000000008c492db0) thrown at [t:/workspace/open/src/hotspot/share/interpreter/linkResolver
Event: 0.605 Thread 0x0000025d9e661000 Exception <a 'java/lang/NoSuchMethodError'{0x000000008c495ec8}: java.lang.invoke.DirectMethodHandle$Holder.invokeStaticInit(Ljava/lang/Object;IIII)Ljava/lang/Object;> (0x000000008c495ec8) thrown at [t:/workspace/open/src/hotspot/share/interpreter/linkReso
Event: 0.805 Thread 0x0000025d9e661000 Exception <a 'java/lang/NoSuchMethodError'{0x000000008c4d0378}: java.lang.invoke.DirectMethodHandle$Holder.invokeStatic(Ljava/lang/Object;Ljava/lang/Object;IIII)Ljava/lang/Object;> (0x000000008c4d0378) thrown at [t:/workspace/open/src/hotspot/share/interp
Event: 0.805 Thread 0x0000025d9e661000 Exception <a 'java/lang/NoSuchMethodError'{0x000000008c4d36c0}: java.lang.invoke.DirectMethodHandle$Holder.invokeStaticInit(Ljava/lang/Object;Ljava/lang/Object;IIII)Ljava/lang/Object;> (0x000000008c4d36c0) thrown at [t:/workspace/open/src/hotspot/share/in
Event: 0.812 Thread 0x0000025d9e661000 Exception <a 'java/lang/ClassNotFoundException'{0x000000008c4f0ed8}: javax/management/remote/rmi/RMIServerImpl_Skel> (0x000000008c4f0ed8) thrown at [t:/workspace/open/src/hotspot/share/classfile/systemDictionary.cpp, line 231]
Event: 0.845 Thread 0x0000025d9e661000 Exception <a 'java/lang/ClassNotFoundException'{0x000000008c3b45e0}: jdk/internal/agent/resources/spi/agentProvider> (0x000000008c3b45e0) thrown at [t:/workspace/open/src/hotspot/share/classfile/systemDictionary.cpp, line 231]
Event: 0.852 Thread 0x0000025d9e661000 Exception <a 'java/lang/NoSuchMethodError'{0x000000008c20ab98}: java.lang.invoke.DirectMethodHandle$Holder.invokeStatic(Ljava/lang/Object;Ljava/lang/Object;Ljava/lang/Object;Ljava/lang/Object;Ljava/lang/Object;Ljava/lang/Object;Ljava/lang/Object;Ljava/lan
Event: 0.854 Thread 0x0000025d9e661000 Exception <a 'java/lang/NoSuchMethodError'{0x000000008c217558}: java.lang.invoke.DirectMethodHandle$Holder.invokeStatic(Ljava/lang/Object;Ljava/lang/Object;Ljava/lang/Object;Ljava/lang/Object;Ljava/lang/Object;Ljava/lang/Object;Ljava/lang/Object;Ljava/lan
Event: 0.885 Thread 0x0000025d9e661000 Exception <a 'java/lang/ClassNotFoundException'{0x000000008c1f27f0}: javax/smartcardio/CardPermission> (0x000000008c1f27f0) thrown at [t:/workspace/open/src/hotspot/share/classfile/systemDictionary.cpp, line 231]
Event: 0.888 Thread 0x0000025d9e661000 Exception <a 'java/io/FileNotFoundException'{0x000000008c0015d0}> (0x000000008c0015d0) thrown at [t:/workspace/open/src/hotspot/share/prims/jni.cpp, line 615]

Events (10 events):
Event: 0.918 loading class ch/qos/logback/core/util/EnvUtil
Event: 0.918 loading class ch/qos/logback/core/util/EnvUtil done
Event: 0.918 loading class ch/qos/logback/core/spi/AppenderAttachableImpl
Event: 0.918 loading class ch/qos/logback/core/spi/AppenderAttachableImpl done
Event: 0.919 loading class ch/qos/logback/core/status/StatusUtil
Event: 0.919 loading class ch/qos/logback/core/status/StatusUtil done
Event: 0.920 loading class ch/qos/logback/core/util/StatusPrinter
Event: 0.920 loading class ch/qos/logback/core/util/StatusPrinter done
Event: 0.920 loading class ch/qos/logback/classic/selector/DefaultContextSelector
Event: 0.920 loading class ch/qos/logback/classic/selector/DefaultContextSelector done


Dynamic libraries:
0x00007ff6c4430000 - 0x00007ff6c4477000 	C:\Program Files\Java\jdk-11.0.1\bin\javaw.exe
0x00007ffdcc860000 - 0x00007ffdcca4d000 	C:\WINDOWS\SYSTEM32\ntdll.dll
0x00007ffdcb880000 - 0x00007ffdcb933000 	C:\WINDOWS\System32\KERNEL32.DLL
0x00007ffdc95a0000 - 0x00007ffdc9833000 	C:\WINDOWS\System32\KERNELBASE.dll
0x00007ffdc9b60000 - 0x00007ffdc9c03000 	C:\WINDOWS\System32\ADVAPI32.dll
0x00007ffdcba60000 - 0x00007ffdcbafe000 	C:\WINDOWS\System32\msvcrt.dll
0x00007ffdcc700000 - 0x00007ffdcc79e000 	C:\WINDOWS\System32\sechost.dll
0x00007ffdcb620000 - 0x00007ffdcb742000 	C:\WINDOWS\System32\RPCRT4.dll
0x00007ffdcb3f0000 - 0x00007ffdcb587000 	C:\WINDOWS\System32\USER32.dll
0x00007ffdc9500000 - 0x00007ffdc9520000 	C:\WINDOWS\System32\win32u.dll
0x00007ffdcbb00000 - 0x00007ffdcbb29000 	C:\WINDOWS\System32\GDI32.dll
0x00007ffdc9180000 - 0x00007ffdc9319000 	C:\WINDOWS\System32\gdi32full.dll
0x00007ffdc99f0000 - 0x00007ffdc9a90000 	C:\WINDOWS\System32\msvcp_win.dll
0x00007ffdc8930000 - 0x00007ffdc8a2a000 	C:\WINDOWS\System32\ucrtbase.dll
0x00007ffdbc510000 - 0x00007ffdbc789000 	C:\WINDOWS\WinSxS\amd64_microsoft.windows.common-controls_6595b64144ccf1df_6.0.17763.615_none_05b4414a072024d4\COMCTL32.dll
0x00007ffdbedf0000 - 0x00007ffdbedfa000 	C:\WINDOWS\SYSTEM32\VERSION.dll
0x00007ffdcbf50000 - 0x00007ffdcc27c000 	C:\WINDOWS\System32\combase.dll
0x00007ffdc9970000 - 0x00007ffdc99ee000 	C:\WINDOWS\System32\bcryptPrimitives.dll
0x00007ffdcb5f0000 - 0x00007ffdcb61e000 	C:\WINDOWS\System32\IMM32.DLL
0x00007ffdba4a0000 - 0x00007ffdba4b6000 	C:\Program Files\Java\jdk-11.0.1\bin\vcruntime140.dll
0x00007ffdba3f0000 - 0x00007ffdba49a000 	C:\Program Files\Java\jdk-11.0.1\bin\msvcp140.dll
0x00007ffd7e2f0000 - 0x00007ffd7ee32000 	C:\Program Files\Java\jdk-11.0.1\bin\server\jvm.dll
0x00007ffdcbb30000 - 0x00007ffdcbb38000 	C:\WINDOWS\System32\PSAPI.DLL
0x00007ffdb57a0000 - 0x00007ffdb57a9000 	C:\WINDOWS\SYSTEM32\WSOCK32.dll
0x00007ffdc4dc0000 - 0x00007ffdc4de4000 	C:\WINDOWS\SYSTEM32\WINMM.dll
0x00007ffdcbba0000 - 0x00007ffdcbc0d000 	C:\WINDOWS\System32\WS2_32.dll
0x00007ffdc4bc0000 - 0x00007ffdc4bed000 	C:\WINDOWS\SYSTEM32\WINMMBASE.dll
0x00007ffdc98f0000 - 0x00007ffdc993a000 	C:\WINDOWS\System32\cfgmgr32.dll
0x00007ffdc8860000 - 0x00007ffdc8871000 	C:\WINDOWS\System32\kernel.appcore.dll
0x00007ffdba350000 - 0x00007ffdba361000 	C:\Program Files\Java\jdk-11.0.1\bin\verify.dll
0x00007ffdb8fc0000 - 0x00007ffdb91ad000 	C:\WINDOWS\SYSTEM32\DBGHELP.DLL
0x00007ffdb8f90000 - 0x00007ffdb8fba000 	C:\WINDOWS\SYSTEM32\dbgcore.DLL
0x00007ffdba320000 - 0x00007ffdba349000 	C:\Program Files\Java\jdk-11.0.1\bin\java.dll
0x00007ffdb0dd0000 - 0x00007ffdb0de6000 	C:\Program Files\Java\jdk-11.0.1\bin\zip.dll
0x00007ffdba3e0000 - 0x00007ffdba3ea000 	C:\Program Files\Java\jdk-11.0.1\bin\jimage.dll
0x00007ffdc9c70000 - 0x00007ffdcb160000 	C:\WINDOWS\System32\SHELL32.dll
0x00007ffdcb9b0000 - 0x00007ffdcba58000 	C:\WINDOWS\System32\shcore.dll
0x00007ffdc8a30000 - 0x00007ffdc917a000 	C:\WINDOWS\System32\windows.storage.dll
0x00007ffdc8880000 - 0x00007ffdc88a4000 	C:\WINDOWS\System32\profapi.dll
0x00007ffdc88d0000 - 0x00007ffdc892d000 	C:\WINDOWS\System32\powrprof.dll
0x00007ffdcb940000 - 0x00007ffdcb992000 	C:\WINDOWS\System32\shlwapi.dll
0x00007ffdc9580000 - 0x00007ffdc9597000 	C:\WINDOWS\System32\cryptsp.dll
0x00007ffda3f20000 - 0x00007ffda3f39000 	C:\Program Files\Java\jdk-11.0.1\bin\net.dll
0x00007ffdc4ac0000 - 0x00007ffdc4bb2000 	C:\WINDOWS\SYSTEM32\WINHTTP.dll
0x00007ffdc80d0000 - 0x00007ffdc8137000 	C:\WINDOWS\system32\mswsock.dll
0x00007ffda09b0000 - 0x00007ffda09c3000 	C:\Program Files\Java\jdk-11.0.1\bin\nio.dll
0x00007ffdba2f0000 - 0x00007ffdba2f9000 	C:\Program Files\Java\jdk-11.0.1\bin\management.dll
0x00007ffdb0c90000 - 0x00007ffdb0c9c000 	C:\Program Files\Java\jdk-11.0.1\bin\management_ext.dll
0x00007ffdb5750000 - 0x00007ffdb5766000 	C:\WINDOWS\system32\napinsp.dll
0x00007ffdb46d0000 - 0x00007ffdb46ea000 	C:\WINDOWS\system32\pnrpnsp.dll
0x00007ffdc7e70000 - 0x00007ffdc7f36000 	C:\WINDOWS\SYSTEM32\DNSAPI.dll
0x00007ffdcc820000 - 0x00007ffdcc828000 	C:\WINDOWS\System32\NSI.dll
0x00007ffdc7e30000 - 0x00007ffdc7e6d000 	C:\WINDOWS\SYSTEM32\IPHLPAPI.DLL
0x00007ffdb4580000 - 0x00007ffdb458e000 	C:\WINDOWS\System32\winrnr.dll
0x00007ffdc55e0000 - 0x00007ffdc55fb000 	C:\WINDOWS\system32\NLAapi.dll
0x00007ffdb4290000 - 0x00007ffdb42a5000 	C:\WINDOWS\system32\wshbth.dll
0x00007ffdbeb00000 - 0x00007ffdbeb0a000 	C:\Windows\System32\rasadhlp.dll
0x00007ffdbf180000 - 0x00007ffdbf1f9000 	C:\WINDOWS\System32\fwpuclnt.dll
0x00007ffdc9940000 - 0x00007ffdc9966000 	C:\WINDOWS\System32\bcrypt.dll
0x00007ffdc7c90000 - 0x00007ffdc7cc3000 	C:\WINDOWS\system32\rsaenh.dll
0x00007ffdc8760000 - 0x00007ffdc8788000 	C:\WINDOWS\SYSTEM32\USERENV.dll
0x00007ffdc82a0000 - 0x00007ffdc82ac000 	C:\WINDOWS\SYSTEM32\CRYPTBASE.dll
0x00007ffdbf630000 - 0x00007ffdbf646000 	C:\WINDOWS\SYSTEM32\dhcpcsvc6.DLL
0x00007ffdbf610000 - 0x00007ffdbf62c000 	C:\WINDOWS\SYSTEM32\dhcpcsvc.DLL

dbghelp: loaded successfully - version: 4.0.5 - missing functions: none
symbol engine: initialized successfully - sym options: 0x614 - pdb path: .;C:\Program Files\Java\jdk-11.0.1\bin;C:\WINDOWS\SYSTEM32;C:\WINDOWS\WinSxS\amd64_microsoft.windows.common-controls_6595b64144ccf1df_6.0.17763.615_none_05b4414a072024d4;C:\Program Files\Java\jdk-11.0.1\bin\server

VM Arguments:
jvm_args: -Dcom.sun.management.jmxremote -Dcom.sun.management.jmxremote.port=54335 -Dcom.sun.management.jmxremote.authenticate=false -Dcom.sun.management.jmxremote.ssl=false -Djava.rmi.server.hostname=localhost -Dspring.jmx.enabled=true -Dspring.liveBeansView.mbeanDomain -Dspring.application.admin.enabled=true -Xverify:none -XX:TieredStopAtLevel=1 -Dfile.encoding=UTF-8 
java_command: com.alanfalcoski.cursomc.CursomcApplication --spring.output.ansi.enabled=always
java_class_path (initial): C:\spring-boot-ionic-backend\target\classes;C:\Users\alang\.m2\repository\org\springframework\boot\spring-boot-starter-web\2.1.7.RELEASE\spring-boot-starter-web-2.1.7.RELEASE.jar;C:\Users\alang\.m2\repository\org\springframework\boot\spring-boot-starter\2.1.7.RELEASE\spring-boot-starter-2.1.7.RELEASE.jar;C:\Users\alang\.m2\repository\org\springframework\boot\spring-boot-starter-logging\2.1.7.RELEASE\spring-boot-starter-logging-2.1.7.RELEASE.jar;C:\Users\alang\.m2\repository\ch\qos\logback\logback-classic\1.2.3\logback-classic-1.2.3.jar;C:\Users\alang\.m2\repository\ch\qos\logback\logback-core\1.2.3\logback-core-1.2.3.jar;C:\Users\alang\.m2\repository\org\apache\logging\log4j\log4j-to-slf4j\2.11.2\log4j-to-slf4j-2.11.2.jar;C:\Users\alang\.m2\repository\org\apache\logging\log4j\log4j-api\2.11.2\log4j-api-2.11.2.jar;C:\Users\alang\.m2\repository\org\slf4j\jul-to-slf4j\1.7.26\jul-to-slf4j-1.7.26.jar;C:\Users\alang\.m2\repository\javax\annotation\javax.annotation-api\1.3.2\javax.annotation-api-1.3.2.jar;C:\Users\alang\.m2\repository\org\yaml\snakeyaml\1.23\snakeyaml-1.23.jar;C:\Users\alang\.m2\repository\org\springframework\boot\spring-boot-starter-json\2.1.7.RELEASE\spring-boot-starter-json-2.1.7.RELEASE.jar;C:\Users\alang\.m2\repository\com\fasterxml\jackson\datatype\jackson-datatype-jdk8\2.9.9\jackson-datatype-jdk8-2.9.9.jar;C:\Users\alang\.m2\repository\com\fasterxml\jackson\datatype\jackson-datatype-jsr310\2.9.9\jackson-datatype-jsr310-2.9.9.jar;C:\Users\alang\.m2\repository\com\fasterxml\jackson\module\jackson-module-parameter-names\2.9.9\jackson-module-parameter-names-2.9.9.jar;C:\Users\alang\.m2\repository\org\springframework\boot\spring-boot-starter-tomcat\2.1.7.RELEASE\spring-boot-starter-tomcat-2.1.7.RELEASE.jar;C:\Users\alang\.m2\repository\org\apache\tomcat\embed\tomcat-embed-core\9.0.22\tomcat-embed-core-9.0.22.jar;C:\Users\alang\.m2\repository\org\apache\tomcat\embed\tomcat-embed-el\9.0.22\tomcat-embed-el-9.0.22.jar;C:\Users\al
Launcher Type: SUN_STANDARD

[Global flags]
     bool BytecodeVerificationLocal                = false                                     {product} {command line}
     bool BytecodeVerificationRemote               = false                                     {product} {command line}
     intx CICompilerCount                          = 3                                         {product} {ergonomic}
     uint ConcGCThreads                            = 1                                         {product} {ergonomic}
     uint G1ConcRefinementThreads                  = 4                                         {product} {ergonomic}
   size_t G1HeapRegionSize                         = 1048576                                   {product} {ergonomic}
    uintx GCDrainStackTargetSize                   = 64                                        {product} {ergonomic}
   size_t InitialHeapSize                          = 130023424                                 {product} {ergonomic}
     bool ManagementServer                         = true                                      {product} {command line}
   size_t MarkStackSize                            = 4194304                                   {product} {ergonomic}
   size_t MaxHeapSize                              = 2069889024                                {product} {ergonomic}
   size_t MaxNewSize                               = 1241513984                                {product} {ergonomic}
   size_t MinHeapDeltaBytes                        = 1048576                                   {product} {ergonomic}
    uintx NonNMethodCodeHeapSize                   = 6973028                                {pd product} {ergonomic}
    uintx NonProfiledCodeHeapSize                  = 244685212                              {pd product} {ergonomic}
    uintx ProfiledCodeHeapSize                     = 0                                      {pd product} {ergonomic}
    uintx ReservedCodeCacheSize                    = 251658240                              {pd product} {ergonomic}
     bool SegmentedCodeCache                       = true                                      {product} {ergonomic}
     intx TieredStopAtLevel                        = 1                                         {product} {command line}
     bool UseCompressedClassPointers               = true                                 {lp64_product} {ergonomic}
     bool UseCompressedOops                        = true                                 {lp64_product} {ergonomic}
     bool UseG1GC                                  = true                                      {product} {ergonomic}
     bool UseLargePagesIndividualAllocation        = false                                  {pd product} {ergonomic}

Logging:
Log output configuration:
 #0: stdout all=warning uptime,level,tags
 #1: stderr all=off uptime,level,tags

Environment Variables:
JAVA_HOME=C:\Program Files\Java\jdk-11.0.1
PATH=C:/Program Files/Java/jre1.8.0_221/bin/server;C:/Program Files/Java/jre1.8.0_221/bin;C:/Program Files/Java/jre1.8.0_221/lib/amd64;C:\Program Files (x86)\Common Files\Oracle\Java\javapath;C:\ProgramData\Oracle\Java\javapath;C:\Program Files\PHP\v7.2;C:\Program Files\PHP\v5.3;C:\Program Files (x86)\Embarcadero\Studio\20.0\bin;C:\Users\Public\Documents\Embarcadero\Studio\20.0\Bpl;C:\Program Files (x86)\Embarcadero\Studio\20.0\bin64;C:\Users\Public\Documents\Embarcadero\Studio\20.0\Bpl\Win64;C:\WINDOWS\system32;C:\WINDOWS;C:\WINDOWS\System32\Wbem;C:\WINDOWS\System32\WindowsPowerShell\v1.0\;C:\WINDOWS\System32\OpenSSH\;C:\Users\alang\AppData\Local\Programs\Python\Python37-32;C:\Users\alang\AppData\Local\Programs\Python\Python37-32\Scripts;C:\Program Files\PuTTY\;C:\xampp\php;C:\composer;C:\wamp64\bin\php\php7.2.10;C:\Program Files\Java\jdk-11.0.1\bin;C:\Program Files\Git\cmd;C:\Program Files\dotnet\;C:\Program Files\Microsoft SQL Server\130\Tools\Binn\;C:\Program Files\nodejs\;C:\Program Files\TortoiseGit\bin;C:\Program Files\MongoDB\Server\4.0\bin;C:\Program Files\MySQL\MySQL Shell 8.0\bin\;C:\Users\alang\AppData\Local\Programs\Microsoft VS Code\bin;C:\PHP;C:\wamp64\bin\mysql\mysql8.0.18\bin;C:\xampp\mysql\bin;C:\Program Files\MySQL\MySQL Shell 8.0\bin\;C:\Users\alang\AppData\Local\Programs\Microsoft VS Code\bin;C:\Program Files\heroku\bin;C:\Users\alang\Desktop\sts-bundle\sts-3.9.9.RELEASE;
USERNAME=alan
OS=Windows_NT
PROCESSOR_IDENTIFIER=Intel64 Family 6 Model 158 Stepping 9, GenuineIntel



---------------  S Y S T E M  ---------------

OS: Windows 10 , 64 bit Build 17763 (10.0.17763.475)

CPU:total 4 (initial active 4) (4 cores per cpu, 1 threads per core) family 6 model 158 stepping 9, cmov, cx8, fxsr, mmx, sse, sse2, sse3, ssse3, sse4.1, sse4.2, popcnt, avx, avx2, aes, clmul, erms, 3dnowpref, lzcnt, tsc, tscinvbit, bmi1, bmi2, adx, fma

Memory: 4k page, system-wide physical 7892M (2178M free)
TotalPageFile size 15828M (AvailPageFile size 8240M)
current process WorkingSet (physical memory assigned to process): 82M, peak: 82M
current process commit charge ("private bytes"): 217M, peak: 217M

vm_info: Java HotSpot(TM) 64-Bit Server VM (11.0.1+13-LTS) for windows-amd64 JRE (11.0.1+13-LTS), built on Oct  6 2018 13:20:16 by "mach5one" with MS VC++ 15.5 (VS2017)

END.
