#
# A fatal error has been detected by the Java Runtime Environment:
#
#  EXCEPTION_ACCESS_VIOLATION (0xc0000005) at pc=0x00007ffd7e6ede46, pid=6980, tid=1068
#
# JRE version: Java(TM) SE Runtime Environment (11.0.1+13) (build 11.0.1+13-LTS)
# Java VM: Java HotSpot(TM) 64-Bit Server VM (11.0.1+13-LTS, mixed mode, tiered, compressed oops, g1 gc, windows-amd64)
# Problematic frame:
# V  [jvm.dll+0x6cde46]
#
# No core dump will be written. Minidumps are not enabled by default on client versions of Windows
#
# If you would like to submit a bug report, please visit:
#   http://bugreport.java.com/bugreport/crash.jsp
#

---------------  S U M M A R Y ------------

Command Line: -Dcom.sun.management.jmxremote -Dcom.sun.management.jmxremote.port=52609 -Dcom.sun.management.jmxremote.authenticate=false -Dcom.sun.management.jmxremote.ssl=false -Djava.rmi.server.hostname=localhost -Dspring.jmx.enabled=true -Dspring.liveBeansView.mbeanDomain -Dspring.application.admin.enabled=true -Xverify:none -XX:TieredStopAtLevel=1 -Dfile.encoding=UTF-8 com.alanfalcoski.cursomc.CursomcApplication --spring.output.ansi.enabled=always

Host: Intel(R) Core(TM) i5-7400 CPU @ 3.00GHz, 4 cores, 7G,  Windows 10 , 64 bit Build 17763 (10.0.17763.475)
Time: Sat Dec 14 17:23:09 2019 Hora oficial do Brasil elapsed time: 1 seconds (0d 0h 0m 1s)

---------------  T H R E A D  ---------------

Current thread (0x00000272363da800):  WatcherThread [stack: 0x000000b723d00000,0x000000b723e00000] [id=1068]

Stack: [0x000000b723d00000,0x000000b723e00000],  sp=0x000000b723dff890,  free space=1022k
Native frames: (J=compiled Java code, j=interpreted, Vv=VM code, C=native code)
V  [jvm.dll+0x6cde46]
V  [jvm.dll+0x71987d]
V  [jvm.dll+0x73f229]
V  [jvm.dll+0x63b2b2]
C  [ucrtbase.dll+0x21ffa]
C  [KERNEL32.DLL+0x17974]
C  [ntdll.dll+0x6a271]


siginfo: EXCEPTION_ACCESS_VIOLATION (0xc0000005), reading address 0x0000000800000007


Register to memory mapping:

RIP=0x00007ffd7e6ede46 jvm.dll
RAX=0x0000000800000007 is an unknown value
RBX=0x0 is NULL
RCX=0x00000272363c6b20 points into unknown readable memory
RDX=0x0000000000000034 is an unknown value
RSP=0x000000b723dff890 points into unknown readable memory
RBP=0x0000000000000002 is an unknown value
RSI=0x0000027236330eb0 points into unknown readable memory
RDI=0x0000000000000001 is an unknown value
R8 =0x0 is NULL
R9 =0x000002721e3c0b80 is at begin+0 in a stub
StubRoutines::atomic_cmpxchg_long [0x000002721e3c0b80, 0x000002721e3c0b89[ (9 bytes)
R10=0x00000000546c6148 is an unknown value
R11=0xffffffffef884480 is an unknown value
R12=0x0 is NULL
R13=0x00000272363da800 points into unknown readable memory
R14=0x0000000000000034 is an unknown value
R15=0x00000272362aff90 points into unknown readable memory


Registers:
RAX=0x0000000800000007, RBX=0x0000000000000000, RCX=0x00000272363c6b20, RDX=0x0000000000000034
RSP=0x000000b723dff890, RBP=0x0000000000000002, RSI=0x0000027236330eb0, RDI=0x0000000000000001
R8 =0x0000000000000000, R9 =0x000002721e3c0b80, R10=0x00000000546c6148, R11=0xffffffffef884480
R12=0x0000000000000000, R13=0x00000272363da800, R14=0x0000000000000034, R15=0x00000272362aff90
RIP=0x00007ffd7e6ede46, EFLAGS=0x0000000000010246

Top of Stack: (sp=0x000000b723dff890)
0x000000b723dff890:   00000272363da800 00000272363da800
0x000000b723dff8a0:   00000d6be7b9f0f4 00007ffd7e62ece9
0x000000b723dff8b0:   00007ffd7eaac618 00007ffd7e73987d
0x000000b723dff8c0:   000002721488d3c0 000002721488d3c0
0x000000b723dff8d0:   000002721488d3c0 431bde82d7b634db
0x000000b723dff8e0:   00000272362aff90 00000d6be7b9f0f4
0x000000b723dff8f0:   000002721488d3c0 00007ffd7e75f229
0x000000b723dff900:   0000000000000001 0000000000000034
0x000000b723dff910:   0000000000000032 0000000000000002
0x000000b723dff920:   0000000000000000 00007ffdcc8b9880
0x000000b723dff930:   0000000000000000 0000000000000000
0x000000b723dff940:   0000000000000000 0000000000000000
0x000000b723dff950:   0000000000000000 0000000000000000
0x000000b723dff960:   0000000000000000 0000000000000000
0x000000b723dff970:   0000000000000000 000000b723dff9b0
0x000000b723dff980:   00000272363da800 00007ffd7e65b2b2 

Instructions: (pc=0x00007ffd7e6ede46)
0x00007ffd7e6ede26:   cc cc cc cc cc cc cc cc cc cc 48 89 5c 24 10 56
0x00007ffd7e6ede36:   48 83 ec 20 48 8b 35 97 96 3b 00 33 db 48 8b 06
0x00007ffd7e6ede46:   39 18 7e 27 48 89 7c 24 30 8b fb 48 8b 40 18 48
0x00007ffd7e6ede56:   8b 0c 07 48 8b 01 ff 50 08 48 8b 06 48 8d 7f 08 



---------------  P R O C E S S  ---------------

Threads class SMR info:
_java_thread_list=0x0000027236379320, length=14, elements={
0x000002721488e800, 0x0000027234958800, 0x0000027234961800, 0x00000272352e3800,
0x0000027235290800, 0x0000027235291000, 0x000002723529b800, 0x00000272348ed000,
0x000002723548d800, 0x0000027235490800, 0x00000272354bf800, 0x0000027236318000,
0x000002723632f000, 0x00000272363d0800
}

Java Threads: ( => current thread )
  0x000002721488e800 JavaThread "main" [_thread_in_vm, id=10660, stack(0x000000b722800000,0x000000b722900000)]
  0x0000027234958800 JavaThread "Reference Handler" daemon [_thread_blocked, id=7600, stack(0x000000b722f00000,0x000000b723000000)]
  0x0000027234961800 JavaThread "Finalizer" daemon [_thread_blocked, id=11256, stack(0x000000b723000000,0x000000b723100000)]
  0x00000272352e3800 JavaThread "Signal Dispatcher" daemon [_thread_blocked, id=6160, stack(0x000000b723100000,0x000000b723200000)]
  0x0000027235290800 JavaThread "Attach Listener" daemon [_thread_blocked, id=8512, stack(0x000000b723200000,0x000000b723300000)]
  0x0000027235291000 JavaThread "C1 CompilerThread0" daemon [_thread_in_vm, id=11248, stack(0x000000b723300000,0x000000b723400000)]
  0x000002723529b800 JavaThread "Sweeper thread" daemon [_thread_blocked, id=11220, stack(0x000000b723400000,0x000000b723500000)]
  0x00000272348ed000 JavaThread "Common-Cleaner" daemon [_thread_blocked, id=2128, stack(0x000000b723500000,0x000000b723600000)]
  0x000002723548d800 JavaThread "C1 CompilerThread1" daemon [_thread_blocked, id=852, stack(0x000000b723600000,0x000000b723700000)]
  0x0000027235490800 JavaThread "C1 CompilerThread2" daemon [_thread_blocked, id=10604, stack(0x000000b723700000,0x000000b723800000)]
  0x00000272354bf800 JavaThread "Service Thread" daemon [_thread_blocked, id=7356, stack(0x000000b723800000,0x000000b723900000)]
  0x0000027236318000 JavaThread "RMI TCP Accept-0" daemon [_thread_in_native, id=11128, stack(0x000000b723a00000,0x000000b723b00000)]
  0x000002723632f000 JavaThread "RMI TCP Accept-52609" daemon [_thread_in_native, id=5772, stack(0x000000b723b00000,0x000000b723c00000)]
  0x00000272363d0800 JavaThread "RMI TCP Accept-0" daemon [_thread_in_native, id=2872, stack(0x000000b723c00000,0x000000b723d00000)]

Other Threads:
  0x0000027234931800 VMThread "VM Thread" [stack: 0x000000b722e00000,0x000000b722f00000] [id=9864]
=>0x00000272363da800 WatcherThread [stack: 0x000000b723d00000,0x000000b723e00000] [id=1068]
  0x00000272148a4800 GCTaskThread "GC Thread#0" [stack: 0x000000b722900000,0x000000b722a00000] [id=11164]
  0x0000027235ee0800 GCTaskThread "GC Thread#1" [stack: 0x000000b723900000,0x000000b723a00000] [id=1612]
  0x00000272148d5800 ConcurrentGCThread "G1 Main Marker" [stack: 0x000000b722a00000,0x000000b722b00000] [id=10332]
  0x00000272148d8000 ConcurrentGCThread "G1 Conc#0" [stack: 0x000000b722b00000,0x000000b722c00000] [id=6892]
  0x000002723479c800 ConcurrentGCThread "G1 Refine#0" [stack: 0x000000b722c00000,0x000000b722d00000] [id=8528]
  0x000002723479d000 ConcurrentGCThread "G1 Young RemSet Sampling" [stack: 0x000000b722d00000,0x000000b722e00000] [id=5588]

Threads with active compile tasks:
C1 CompilerThread01100   !   1       java.nio.DirectIntBufferU::get (29 bytes)

VM state:not at safepoint (normal execution)

VM Mutex/Monitor currently owned by a thread:  ([mutex/lock_event])
[0x000002721488d3c0] PeriodicTask_lock - owner thread: 0x00000272363da800

Heap address: 0x0000000084a00000, size: 1974 MB, Compressed Oops mode: 32-bit
Narrow klass base: 0x0000000000000000, Narrow klass shift: 3
Compressed class space size: 1073741824 Address: 0x0000000100000000

Heap:
 garbage-first heap   total 126976K, used 26247K [0x0000000084a00000, 0x0000000100000000)
  region size 1024K, 11 young (11264K), 1 survivors (1024K)
 Metaspace       used 13343K, capacity 13716K, committed 13824K, reserved 1060864K
  class space    used 1405K, capacity 1536K, committed 1536K, reserved 1048576K
Heap Regions: E=young(eden), S=young(survivor), O=old, HS=humongous(starts), HC=humongous(continues), CS=collection set, F=free, A=archive, TAMS=top-at-mark-start (previous, next)
|   0|0x0000000084a00000, 0x0000000084b00000, 0x0000000084b00000|100%|HS|  |TAMS 0x0000000084a00000, 0x0000000084a00000| Complete 
|   1|0x0000000084b00000, 0x0000000084c00000, 0x0000000084c00000|100%| O|  |TAMS 0x0000000084b00000, 0x0000000084b00000| Untracked 
|   2|0x0000000084c00000, 0x0000000084d00000, 0x0000000084d00000|100%| O|  |TAMS 0x0000000084c00000, 0x0000000084c00000| Untracked 
|   3|0x0000000084d00000, 0x0000000084e00000, 0x0000000084e00000|100%| O|  |TAMS 0x0000000084d00000, 0x0000000084d00000| Untracked 
|   4|0x0000000084e00000, 0x0000000084f00000, 0x0000000084f00000|100%| O|  |TAMS 0x0000000084e00000, 0x0000000084e00000| Untracked 
|   5|0x0000000084f00000, 0x0000000085000000, 0x0000000085000000|100%| O|  |TAMS 0x0000000084f00000, 0x0000000084f00000| Untracked 
|   6|0x0000000085000000, 0x0000000085100000, 0x0000000085100000|100%| O|  |TAMS 0x0000000085000000, 0x0000000085000000| Untracked 
|   7|0x0000000085100000, 0x0000000085200000, 0x0000000085200000|100%| O|  |TAMS 0x0000000085100000, 0x0000000085100000| Untracked 
|   8|0x0000000085200000, 0x0000000085300000, 0x0000000085300000|100%| O|  |TAMS 0x0000000085200000, 0x0000000085200000| Untracked 
|   9|0x0000000085300000, 0x0000000085400000, 0x0000000085400000|100%| O|  |TAMS 0x0000000085300000, 0x0000000085300000| Untracked 
|  10|0x0000000085400000, 0x0000000085500000, 0x0000000085500000|100%| O|  |TAMS 0x0000000085400000, 0x0000000085400000| Untracked 
|  11|0x0000000085500000, 0x0000000085600000, 0x0000000085600000|100%| O|  |TAMS 0x0000000085500000, 0x0000000085500000| Untracked 
|  12|0x0000000085600000, 0x0000000085700000, 0x0000000085700000|100%| O|  |TAMS 0x0000000085600000, 0x0000000085600000| Untracked 
|  13|0x0000000085700000, 0x0000000085800000, 0x0000000085800000|100%| O|  |TAMS 0x0000000085700000, 0x0000000085700000| Untracked 
|  14|0x0000000085800000, 0x0000000085900000, 0x0000000085900000|100%| O|  |TAMS 0x0000000085800000, 0x0000000085800000| Untracked 
|  15|0x0000000085900000, 0x00000000859a1e00, 0x0000000085a00000| 63%| O|  |TAMS 0x0000000085900000, 0x0000000085900000| Untracked 
|  16|0x0000000085a00000, 0x0000000085a00000, 0x0000000085b00000|  0%| F|  |TAMS 0x0000000085a00000, 0x0000000085a00000| Untracked 
|  17|0x0000000085b00000, 0x0000000085b00000, 0x0000000085c00000|  0%| F|  |TAMS 0x0000000085b00000, 0x0000000085b00000| Untracked 
|  18|0x0000000085c00000, 0x0000000085c00000, 0x0000000085d00000|  0%| F|  |TAMS 0x0000000085c00000, 0x0000000085c00000| Untracked 
|  19|0x0000000085d00000, 0x0000000085d00000, 0x0000000085e00000|  0%| F|  |TAMS 0x0000000085d00000, 0x0000000085d00000| Untracked 
|  20|0x0000000085e00000, 0x0000000085e00000, 0x0000000085f00000|  0%| F|  |TAMS 0x0000000085e00000, 0x0000000085e00000| Untracked 
|  21|0x0000000085f00000, 0x0000000085f00000, 0x0000000086000000|  0%| F|  |TAMS 0x0000000085f00000, 0x0000000085f00000| Untracked 
|  22|0x0000000086000000, 0x0000000086000000, 0x0000000086100000|  0%| F|  |TAMS 0x0000000086000000, 0x0000000086000000| Untracked 
|  23|0x0000000086100000, 0x0000000086100000, 0x0000000086200000|  0%| F|  |TAMS 0x0000000086100000, 0x0000000086100000| Untracked 
|  24|0x0000000086200000, 0x0000000086200000, 0x0000000086300000|  0%| F|  |TAMS 0x0000000086200000, 0x0000000086200000| Untracked 
|  25|0x0000000086300000, 0x0000000086300000, 0x0000000086400000|  0%| F|  |TAMS 0x0000000086300000, 0x0000000086300000| Untracked 
|  26|0x0000000086400000, 0x0000000086400000, 0x0000000086500000|  0%| F|  |TAMS 0x0000000086400000, 0x0000000086400000| Untracked 
|  27|0x0000000086500000, 0x0000000086500000, 0x0000000086600000|  0%| F|  |TAMS 0x0000000086500000, 0x0000000086500000| Untracked 
|  28|0x0000000086600000, 0x0000000086600000, 0x0000000086700000|  0%| F|  |TAMS 0x0000000086600000, 0x0000000086600000| Untracked 
|  29|0x0000000086700000, 0x0000000086700000, 0x0000000086800000|  0%| F|  |TAMS 0x0000000086700000, 0x0000000086700000| Untracked 
|  30|0x0000000086800000, 0x0000000086800000, 0x0000000086900000|  0%| F|  |TAMS 0x0000000086800000, 0x0000000086800000| Untracked 
|  31|0x0000000086900000, 0x0000000086900000, 0x0000000086a00000|  0%| F|  |TAMS 0x0000000086900000, 0x0000000086900000| Untracked 
|  32|0x0000000086a00000, 0x0000000086a00000, 0x0000000086b00000|  0%| F|  |TAMS 0x0000000086a00000, 0x0000000086a00000| Untracked 
|  33|0x0000000086b00000, 0x0000000086b00000, 0x0000000086c00000|  0%| F|  |TAMS 0x0000000086b00000, 0x0000000086b00000| Untracked 
|  34|0x0000000086c00000, 0x0000000086c00000, 0x0000000086d00000|  0%| F|  |TAMS 0x0000000086c00000, 0x0000000086c00000| Untracked 
|  35|0x0000000086d00000, 0x0000000086d00000, 0x0000000086e00000|  0%| F|  |TAMS 0x0000000086d00000, 0x0000000086d00000| Untracked 
|  36|0x0000000086e00000, 0x0000000086e00000, 0x0000000086f00000|  0%| F|  |TAMS 0x0000000086e00000, 0x0000000086e00000| Untracked 
|  37|0x0000000086f00000, 0x0000000086f00000, 0x0000000087000000|  0%| F|  |TAMS 0x0000000086f00000, 0x0000000086f00000| Untracked 
|  38|0x0000000087000000, 0x0000000087000000, 0x0000000087100000|  0%| F|  |TAMS 0x0000000087000000, 0x0000000087000000| Untracked 
|  39|0x0000000087100000, 0x0000000087100000, 0x0000000087200000|  0%| F|  |TAMS 0x0000000087100000, 0x0000000087100000| Untracked 
|  40|0x0000000087200000, 0x0000000087200000, 0x0000000087300000|  0%| F|  |TAMS 0x0000000087200000, 0x0000000087200000| Untracked 
|  41|0x0000000087300000, 0x0000000087300000, 0x0000000087400000|  0%| F|  |TAMS 0x0000000087300000, 0x0000000087300000| Untracked 
|  42|0x0000000087400000, 0x0000000087400000, 0x0000000087500000|  0%| F|  |TAMS 0x0000000087400000, 0x0000000087400000| Untracked 
|  43|0x0000000087500000, 0x0000000087500000, 0x0000000087600000|  0%| F|  |TAMS 0x0000000087500000, 0x0000000087500000| Untracked 
|  44|0x0000000087600000, 0x0000000087600000, 0x0000000087700000|  0%| F|  |TAMS 0x0000000087600000, 0x0000000087600000| Untracked 
|  45|0x0000000087700000, 0x0000000087700000, 0x0000000087800000|  0%| F|  |TAMS 0x0000000087700000, 0x0000000087700000| Untracked 
|  46|0x0000000087800000, 0x0000000087800000, 0x0000000087900000|  0%| F|  |TAMS 0x0000000087800000, 0x0000000087800000| Untracked 
|  47|0x0000000087900000, 0x0000000087900000, 0x0000000087a00000|  0%| F|  |TAMS 0x0000000087900000, 0x0000000087900000| Untracked 
|  48|0x0000000087a00000, 0x0000000087a00000, 0x0000000087b00000|  0%| F|  |TAMS 0x0000000087a00000, 0x0000000087a00000| Untracked 
|  49|0x0000000087b00000, 0x0000000087b00000, 0x0000000087c00000|  0%| F|  |TAMS 0x0000000087b00000, 0x0000000087b00000| Untracked 
|  50|0x0000000087c00000, 0x0000000087c00000, 0x0000000087d00000|  0%| F|  |TAMS 0x0000000087c00000, 0x0000000087c00000| Untracked 
|  51|0x0000000087d00000, 0x0000000087d00000, 0x0000000087e00000|  0%| F|  |TAMS 0x0000000087d00000, 0x0000000087d00000| Untracked 
|  52|0x0000000087e00000, 0x0000000087e00000, 0x0000000087f00000|  0%| F|  |TAMS 0x0000000087e00000, 0x0000000087e00000| Untracked 
|  53|0x0000000087f00000, 0x0000000087f00000, 0x0000000088000000|  0%| F|  |TAMS 0x0000000087f00000, 0x0000000087f00000| Untracked 
|  54|0x0000000088000000, 0x0000000088000000, 0x0000000088100000|  0%| F|  |TAMS 0x0000000088000000, 0x0000000088000000| Untracked 
|  55|0x0000000088100000, 0x0000000088100000, 0x0000000088200000|  0%| F|  |TAMS 0x0000000088100000, 0x0000000088100000| Untracked 
|  56|0x0000000088200000, 0x0000000088200000, 0x0000000088300000|  0%| F|  |TAMS 0x0000000088200000, 0x0000000088200000| Untracked 
|  57|0x0000000088300000, 0x0000000088300000, 0x0000000088400000|  0%| F|  |TAMS 0x0000000088300000, 0x0000000088300000| Untracked 
|  58|0x0000000088400000, 0x0000000088400000, 0x0000000088500000|  0%| F|  |TAMS 0x0000000088400000, 0x0000000088400000| Untracked 
|  59|0x0000000088500000, 0x0000000088500000, 0x0000000088600000|  0%| F|  |TAMS 0x0000000088500000, 0x0000000088500000| Untracked 
|  60|0x0000000088600000, 0x0000000088600000, 0x0000000088700000|  0%| F|  |TAMS 0x0000000088600000, 0x0000000088600000| Untracked 
|  61|0x0000000088700000, 0x0000000088700000, 0x0000000088800000|  0%| F|  |TAMS 0x0000000088700000, 0x0000000088700000| Untracked 
|  62|0x0000000088800000, 0x0000000088800000, 0x0000000088900000|  0%| F|  |TAMS 0x0000000088800000, 0x0000000088800000| Untracked 
|  63|0x0000000088900000, 0x0000000088900000, 0x0000000088a00000|  0%| F|  |TAMS 0x0000000088900000, 0x0000000088900000| Untracked 
|  64|0x0000000088a00000, 0x0000000088a00000, 0x0000000088b00000|  0%| F|  |TAMS 0x0000000088a00000, 0x0000000088a00000| Untracked 
|  65|0x0000000088b00000, 0x0000000088b00000, 0x0000000088c00000|  0%| F|  |TAMS 0x0000000088b00000, 0x0000000088b00000| Untracked 
|  66|0x0000000088c00000, 0x0000000088c00000, 0x0000000088d00000|  0%| F|  |TAMS 0x0000000088c00000, 0x0000000088c00000| Untracked 
|  67|0x0000000088d00000, 0x0000000088d00000, 0x0000000088e00000|  0%| F|  |TAMS 0x0000000088d00000, 0x0000000088d00000| Untracked 
|  68|0x0000000088e00000, 0x0000000088e00000, 0x0000000088f00000|  0%| F|  |TAMS 0x0000000088e00000, 0x0000000088e00000| Untracked 
|  69|0x0000000088f00000, 0x0000000088f00000, 0x0000000089000000|  0%| F|  |TAMS 0x0000000088f00000, 0x0000000088f00000| Untracked 
|  70|0x0000000089000000, 0x0000000089000000, 0x0000000089100000|  0%| F|  |TAMS 0x0000000089000000, 0x0000000089000000| Untracked 
|  71|0x0000000089100000, 0x0000000089100000, 0x0000000089200000|  0%| F|  |TAMS 0x0000000089100000, 0x0000000089100000| Untracked 
|  72|0x0000000089200000, 0x0000000089200000, 0x0000000089300000|  0%| F|  |TAMS 0x0000000089200000, 0x0000000089200000| Untracked 
|  73|0x0000000089300000, 0x0000000089300000, 0x0000000089400000|  0%| F|  |TAMS 0x0000000089300000, 0x0000000089300000| Untracked 
|  74|0x0000000089400000, 0x0000000089400000, 0x0000000089500000|  0%| F|  |TAMS 0x0000000089400000, 0x0000000089400000| Untracked 
|  75|0x0000000089500000, 0x0000000089500000, 0x0000000089600000|  0%| F|  |TAMS 0x0000000089500000, 0x0000000089500000| Untracked 
|  76|0x0000000089600000, 0x0000000089600000, 0x0000000089700000|  0%| F|  |TAMS 0x0000000089600000, 0x0000000089600000| Untracked 
|  77|0x0000000089700000, 0x0000000089700000, 0x0000000089800000|  0%| F|  |TAMS 0x0000000089700000, 0x0000000089700000| Untracked 
|  78|0x0000000089800000, 0x0000000089800000, 0x0000000089900000|  0%| F|  |TAMS 0x0000000089800000, 0x0000000089800000| Untracked 
|  79|0x0000000089900000, 0x0000000089900000, 0x0000000089a00000|  0%| F|  |TAMS 0x0000000089900000, 0x0000000089900000| Untracked 
|  80|0x0000000089a00000, 0x0000000089a00000, 0x0000000089b00000|  0%| F|  |TAMS 0x0000000089a00000, 0x0000000089a00000| Untracked 
|  81|0x0000000089b00000, 0x0000000089b00000, 0x0000000089c00000|  0%| F|  |TAMS 0x0000000089b00000, 0x0000000089b00000| Untracked 
|  82|0x0000000089c00000, 0x0000000089c00000, 0x0000000089d00000|  0%| F|  |TAMS 0x0000000089c00000, 0x0000000089c00000| Untracked 
|  83|0x0000000089d00000, 0x0000000089d00000, 0x0000000089e00000|  0%| F|  |TAMS 0x0000000089d00000, 0x0000000089d00000| Untracked 
|  84|0x0000000089e00000, 0x0000000089e00000, 0x0000000089f00000|  0%| F|  |TAMS 0x0000000089e00000, 0x0000000089e00000| Untracked 
|  85|0x0000000089f00000, 0x0000000089f00000, 0x000000008a000000|  0%| F|  |TAMS 0x0000000089f00000, 0x0000000089f00000| Untracked 
|  86|0x000000008a000000, 0x000000008a000000, 0x000000008a100000|  0%| F|  |TAMS 0x000000008a000000, 0x000000008a000000| Untracked 
|  87|0x000000008a100000, 0x000000008a100000, 0x000000008a200000|  0%| F|  |TAMS 0x000000008a100000, 0x000000008a100000| Untracked 
|  88|0x000000008a200000, 0x000000008a200000, 0x000000008a300000|  0%| F|  |TAMS 0x000000008a200000, 0x000000008a200000| Untracked 
|  89|0x000000008a300000, 0x000000008a300000, 0x000000008a400000|  0%| F|  |TAMS 0x000000008a300000, 0x000000008a300000| Untracked 
|  90|0x000000008a400000, 0x000000008a400000, 0x000000008a500000|  0%| F|  |TAMS 0x000000008a400000, 0x000000008a400000| Untracked 
|  91|0x000000008a500000, 0x000000008a500000, 0x000000008a600000|  0%| F|  |TAMS 0x000000008a500000, 0x000000008a500000| Untracked 
|  92|0x000000008a600000, 0x000000008a600000, 0x000000008a700000|  0%| F|  |TAMS 0x000000008a600000, 0x000000008a600000| Untracked 
|  93|0x000000008a700000, 0x000000008a700000, 0x000000008a800000|  0%| F|  |TAMS 0x000000008a700000, 0x000000008a700000| Untracked 
|  94|0x000000008a800000, 0x000000008a800000, 0x000000008a900000|  0%| F|  |TAMS 0x000000008a800000, 0x000000008a800000| Untracked 
|  95|0x000000008a900000, 0x000000008a900000, 0x000000008aa00000|  0%| F|  |TAMS 0x000000008a900000, 0x000000008a900000| Untracked 
|  96|0x000000008aa00000, 0x000000008aa00000, 0x000000008ab00000|  0%| F|  |TAMS 0x000000008aa00000, 0x000000008aa00000| Untracked 
|  97|0x000000008ab00000, 0x000000008ab00000, 0x000000008ac00000|  0%| F|  |TAMS 0x000000008ab00000, 0x000000008ab00000| Untracked 
|  98|0x000000008ac00000, 0x000000008ac00000, 0x000000008ad00000|  0%| F|  |TAMS 0x000000008ac00000, 0x000000008ac00000| Untracked 
|  99|0x000000008ad00000, 0x000000008ad00000, 0x000000008ae00000|  0%| F|  |TAMS 0x000000008ad00000, 0x000000008ad00000| Untracked 
| 100|0x000000008ae00000, 0x000000008ae00000, 0x000000008af00000|  0%| F|  |TAMS 0x000000008ae00000, 0x000000008ae00000| Untracked 
| 101|0x000000008af00000, 0x000000008af00000, 0x000000008b000000|  0%| F|  |TAMS 0x000000008af00000, 0x000000008af00000| Untracked 
| 102|0x000000008b000000, 0x000000008b000000, 0x000000008b100000|  0%| F|  |TAMS 0x000000008b000000, 0x000000008b000000| Untracked 
| 103|0x000000008b100000, 0x000000008b100000, 0x000000008b200000|  0%| F|  |TAMS 0x000000008b100000, 0x000000008b100000| Untracked 
| 104|0x000000008b200000, 0x000000008b200000, 0x000000008b300000|  0%| F|  |TAMS 0x000000008b200000, 0x000000008b200000| Untracked 
| 105|0x000000008b300000, 0x000000008b300000, 0x000000008b400000|  0%| F|  |TAMS 0x000000008b300000, 0x000000008b300000| Untracked 
| 106|0x000000008b400000, 0x000000008b400000, 0x000000008b500000|  0%| F|  |TAMS 0x000000008b400000, 0x000000008b400000| Untracked 
| 107|0x000000008b500000, 0x000000008b500000, 0x000000008b600000|  0%| F|  |TAMS 0x000000008b500000, 0x000000008b500000| Untracked 
| 108|0x000000008b600000, 0x000000008b600000, 0x000000008b700000|  0%| F|  |TAMS 0x000000008b600000, 0x000000008b600000| Untracked 
| 109|0x000000008b700000, 0x000000008b700000, 0x000000008b800000|  0%| F|  |TAMS 0x000000008b700000, 0x000000008b700000| Untracked 
| 110|0x000000008b800000, 0x000000008b800000, 0x000000008b900000|  0%| F|  |TAMS 0x000000008b800000, 0x000000008b800000| Untracked 
| 111|0x000000008b900000, 0x000000008b900000, 0x000000008ba00000|  0%| F|  |TAMS 0x000000008b900000, 0x000000008b900000| Untracked 
| 112|0x000000008ba00000, 0x000000008ba00000, 0x000000008bb00000|  0%| F|  |TAMS 0x000000008ba00000, 0x000000008ba00000| Untracked 
| 113|0x000000008bb00000, 0x000000008bc00000, 0x000000008bc00000|100%| E|  |TAMS 0x000000008bb00000, 0x000000008bb00000| Complete 
| 114|0x000000008bc00000, 0x000000008bd00000, 0x000000008bd00000|100%| E|CS|TAMS 0x000000008bc00000, 0x000000008bc00000| Complete 
| 115|0x000000008bd00000, 0x000000008be00000, 0x000000008be00000|100%| E|CS|TAMS 0x000000008bd00000, 0x000000008bd00000| Complete 
| 116|0x000000008be00000, 0x000000008bf00000, 0x000000008bf00000|100%| E|CS|TAMS 0x000000008be00000, 0x000000008be00000| Complete 
| 117|0x000000008bf00000, 0x000000008c000000, 0x000000008c000000|100%| S|CS|TAMS 0x000000008bf00000, 0x000000008bf00000| Complete 
| 118|0x000000008c000000, 0x000000008c100000, 0x000000008c100000|100%| E|CS|TAMS 0x000000008c000000, 0x000000008c000000| Complete 
| 119|0x000000008c100000, 0x000000008c200000, 0x000000008c200000|100%| E|CS|TAMS 0x000000008c100000, 0x000000008c100000| Complete 
| 120|0x000000008c200000, 0x000000008c300000, 0x000000008c300000|100%| E|CS|TAMS 0x000000008c200000, 0x000000008c200000| Complete 
| 121|0x000000008c300000, 0x000000008c400000, 0x000000008c400000|100%| E|CS|TAMS 0x000000008c300000, 0x000000008c300000| Complete 
| 122|0x000000008c400000, 0x000000008c500000, 0x000000008c500000|100%| E|CS|TAMS 0x000000008c400000, 0x000000008c400000| Complete 
| 123|0x000000008c500000, 0x000000008c600000, 0x000000008c600000|100%| E|CS|TAMS 0x000000008c500000, 0x000000008c500000| Complete 

Card table byte_map: [0x000002722ddc0000,0x000002722e1a0000] _byte_map_base: 0x000002722d99b000

Marking Bits (Prev, Next): (CMBitMap*) 0x00000272148cce08, (CMBitMap*) 0x00000272148cce40
 Prev Bits: [0x000002722e580000, 0x0000027230458000)
 Next Bits: [0x0000027230460000, 0x0000027232338000)

Polling page: 0x00000272146b0000

Metaspace:

Usage:
  Non-class:     12.02 MB capacity,    11.75 MB ( 98%) used,   242.28 KB (  2%) free+waste,    31.25 KB ( <1%) overhead. 
      Class:      1.50 MB capacity,     1.38 MB ( 92%) used,   105.63 KB (  7%) free+waste,    15.31 KB ( <1%) overhead. 
       Both:     13.52 MB capacity,    13.13 MB ( 97%) used,   347.91 KB (  3%) free+waste,    46.56 KB ( <1%) overhead. 

Virtual space:
  Non-class space:       14.00 MB reserved,      12.25 MB ( 88%) committed 
      Class space:        1.00 GB reserved,       1.50 MB ( <1%) committed 
             Both:        1.01 GB reserved,      13.75 MB (  1%) committed 

Chunk freelists:
   Non-Class:  5.50 KB
       Class:  0 bytes
        Both:  5.50 KB

CodeHeap 'non-profiled nmethods': size=238912Kb used=1912Kb max_used=1912Kb free=236999Kb
 bounds [0x000002721ea70000, 0x000002721ece0000, 0x000002722d3c0000]
CodeHeap 'non-nmethods': size=6848Kb used=2236Kb max_used=2236Kb free=4611Kb
 bounds [0x000002721e3c0000, 0x000002721e630000, 0x000002721ea70000]
 total_blobs=1722 nmethods=1292 adapters=338
 compilation: enabled
              stopped_count=0, restarted_count=0
 full_count=0

Compilation events (10 events):
Event: 1.938 Thread 0x0000027235490800 1116       1       java.lang.String::equalsIgnoreCase (45 bytes)
Event: 1.938 Thread 0x000002723548d800 1117       1       java.lang.String::regionMatches (150 bytes)
Event: 1.938 Thread 0x0000027235490800 nmethod 1116 0x000002721ebf2c10 code [0x000002721ebf2dc0, 0x000002721ebf2f90]
Event: 1.938 Thread 0x0000027235490800 1118       1       java.io.StreamTokenizer::nextToken (1268 bytes)
Event: 1.938 Thread 0x000002723548d800 nmethod 1117 0x000002721ebf3090 code [0x000002721ebf3280, 0x000002721ebf35b0]
Event: 1.938 Thread 0x000002723548d800 1119       1       java.lang.StringLatin1::regionMatchesCI (92 bytes)
Event: 1.939 Thread 0x000002723548d800 nmethod 1119 0x000002721ebf3790 code [0x000002721ebf39c0, 0x000002721ebf3d60]
Event: 1.939 Thread 0x000002723548d800 1120       1       sun.security.provider.PolicyParser::peek (177 bytes)
Event: 1.939 Thread 0x000002723548d800 nmethod 1120 0x000002721ebf4090 code [0x000002721ebf42a0, 0x000002721ebf4610]
Event: 1.939 Thread 0x000002723548d800 1121       1       sun.security.provider.PolicyParser::match (766 bytes)

GC Heap History (4 events):
Event: 0.958 GC heap before
{Heap before GC invocations=0 (full 0):
 garbage-first heap   total 126976K, used 14336K [0x0000000084a00000, 0x0000000100000000)
  region size 1024K, 14 young (14336K), 0 survivors (0K)
 Metaspace       used 6090K, capacity 6166K, committed 6272K, reserved 1056768K
  class space    used 540K, capacity 567K, committed 640K, reserved 1048576K
}
Event: 0.963 GC heap after
{Heap after GC invocations=1 (full 0):
 garbage-first heap   total 126976K, used 11434K [0x0000000084a00000, 0x0000000100000000)
  region size 1024K, 2 young (2048K), 2 survivors (2048K)
 Metaspace       used 6090K, capacity 6166K, committed 6272K, reserved 1056768K
  class space    used 540K, capacity 567K, committed 640K, reserved 1048576K
}
Event: 1.226 GC heap before
{Heap before GC invocations=1 (full 0):
 garbage-first heap   total 126976K, used 16554K [0x0000000084a00000, 0x0000000100000000)
  region size 1024K, 8 young (8192K), 2 survivors (2048K)
 Metaspace       used 7819K, capacity 7896K, committed 8064K, reserved 1056768K
  class space    used 740K, capacity 784K, committed 896K, reserved 1048576K
}
Event: 1.230 GC heap after
{Heap after GC invocations=2 (full 0):
 garbage-first heap   total 126976K, used 17031K [0x0000000084a00000, 0x0000000100000000)
  region size 1024K, 1 young (1024K), 1 survivors (1024K)
 Metaspace       used 7819K, capacity 7896K, committed 8064K, reserved 1056768K
  class space    used 740K, capacity 784K, committed 896K, reserved 1048576K
}

Deoptimization events (0 events):
No events

Classes redefined (0 events):
No events

Internal exceptions (10 events):
Event: 1.260 Thread 0x000002721488e800 Exception <a 'java/lang/NoSuchMethodError'{0x000000008c46a5f8}: java.lang.invoke.DirectMethodHandle$Holder.invokeStatic(Ljava/lang/Object;Ljava/lang/Object;Ljava/lang/Object;Ljava/lang/Object;Ljava/lang/Object;Ljava/lang/Object;Ljava/lang/Object;Ljava/lan
Event: 1.461 Thread 0x000002721488e800 Exception <a 'java/lang/NoSuchMethodError'{0x000000008c2562e0}: java.lang.invoke.DirectMethodHandle$Holder.invokeSpecialIFC(Ljava/lang/Object;Ljava/lang/Object;Ljava/lang/Object;)I> (0x000000008c2562e0) thrown at [t:/workspace/open/src/hotspot/share/inter
Event: 1.515 Thread 0x000002721488e800 Exception <a 'java/lang/NoSuchMethodError'{0x000000008c2bea38}: java.lang.invoke.DirectMethodHandle$Holder.invokeStatic(Ljava/lang/Object;IIII)Ljava/lang/Object;> (0x000000008c2bea38) thrown at [t:/workspace/open/src/hotspot/share/interpreter/linkResolver
Event: 1.515 Thread 0x000002721488e800 Exception <a 'java/lang/NoSuchMethodError'{0x000000008c2c1b50}: java.lang.invoke.DirectMethodHandle$Holder.invokeStaticInit(Ljava/lang/Object;IIII)Ljava/lang/Object;> (0x000000008c2c1b50) thrown at [t:/workspace/open/src/hotspot/share/interpreter/linkReso
Event: 1.718 Thread 0x000002721488e800 Exception <a 'java/lang/NoSuchMethodError'{0x000000008c2f4560}: java.lang.invoke.DirectMethodHandle$Holder.invokeStatic(Ljava/lang/Object;Ljava/lang/Object;IIII)Ljava/lang/Object;> (0x000000008c2f4560) thrown at [t:/workspace/open/src/hotspot/share/interp
Event: 1.718 Thread 0x000002721488e800 Exception <a 'java/lang/NoSuchMethodError'{0x000000008c2f78a8}: java.lang.invoke.DirectMethodHandle$Holder.invokeStaticInit(Ljava/lang/Object;Ljava/lang/Object;IIII)Ljava/lang/Object;> (0x000000008c2f78a8) thrown at [t:/workspace/open/src/hotspot/share/in
Event: 1.740 Thread 0x000002721488e800 Exception <a 'java/lang/ClassNotFoundException'{0x000000008c115750}: javax/management/remote/rmi/RMIServerImpl_Skel> (0x000000008c115750) thrown at [t:/workspace/open/src/hotspot/share/classfile/systemDictionary.cpp, line 231]
Event: 1.848 Thread 0x000002721488e800 Exception <a 'java/lang/ClassNotFoundException'{0x000000008c1d7aa0}: jdk/internal/agent/resources/spi/agentProvider> (0x000000008c1d7aa0) thrown at [t:/workspace/open/src/hotspot/share/classfile/systemDictionary.cpp, line 231]
Event: 1.854 Thread 0x000002721488e800 Exception <a 'java/lang/NoSuchMethodError'{0x000000008c02dae8}: java.lang.invoke.DirectMethodHandle$Holder.invokeStatic(Ljava/lang/Object;Ljava/lang/Object;Ljava/lang/Object;Ljava/lang/Object;Ljava/lang/Object;Ljava/lang/Object;Ljava/lang/Object;Ljava/lan
Event: 1.855 Thread 0x000002721488e800 Exception <a 'java/lang/NoSuchMethodError'{0x000000008c03a308}: java.lang.invoke.DirectMethodHandle$Holder.invokeStatic(Ljava/lang/Object;Ljava/lang/Object;Ljava/lang/Object;Ljava/lang/Object;Ljava/lang/Object;Ljava/lang/Object;Ljava/lang/Object;Ljava/lan

Events (10 events):
Event: 1.914 loading class sun/security/provider/PolicyParser
Event: 1.914 loading class sun/security/provider/PolicyParser done
Event: 1.914 loading class java/io/StreamTokenizer
Event: 1.914 loading class java/io/StreamTokenizer done
Event: 1.935 loading class sun/security/provider/PolicyParser$GrantEntry
Event: 1.936 loading class sun/security/provider/PolicyParser$GrantEntry done
Event: 1.936 loading class sun/security/provider/PolicyParser$PermissionEntry
Event: 1.937 loading class sun/security/provider/PolicyParser$PermissionEntry done
Event: 1.937 loading class sun/security/util/PropertyExpander
Event: 1.937 loading class sun/security/util/PropertyExpander done


Dynamic libraries:
0x00007ff6c4430000 - 0x00007ff6c4477000 	C:\Program Files\Java\jdk-11.0.1\bin\javaw.exe
0x00007ffdcc860000 - 0x00007ffdcca4d000 	C:\WINDOWS\SYSTEM32\ntdll.dll
0x00007ffdcb880000 - 0x00007ffdcb933000 	C:\WINDOWS\System32\KERNEL32.DLL
0x00007ffdc95a0000 - 0x00007ffdc9833000 	C:\WINDOWS\System32\KERNELBASE.dll
0x00007ffdc9b60000 - 0x00007ffdc9c03000 	C:\WINDOWS\System32\ADVAPI32.dll
0x00007ffdcba60000 - 0x00007ffdcbafe000 	C:\WINDOWS\System32\msvcrt.dll
0x00007ffdcc700000 - 0x00007ffdcc79e000 	C:\WINDOWS\System32\sechost.dll
0x00007ffdcb620000 - 0x00007ffdcb742000 	C:\WINDOWS\System32\RPCRT4.dll
0x00007ffdcb3f0000 - 0x00007ffdcb587000 	C:\WINDOWS\System32\USER32.dll
0x00007ffdc9500000 - 0x00007ffdc9520000 	C:\WINDOWS\System32\win32u.dll
0x00007ffdcbb00000 - 0x00007ffdcbb29000 	C:\WINDOWS\System32\GDI32.dll
0x00007ffdc9180000 - 0x00007ffdc9319000 	C:\WINDOWS\System32\gdi32full.dll
0x00007ffdc99f0000 - 0x00007ffdc9a90000 	C:\WINDOWS\System32\msvcp_win.dll
0x00007ffdc8930000 - 0x00007ffdc8a2a000 	C:\WINDOWS\System32\ucrtbase.dll
0x00007ffdbc510000 - 0x00007ffdbc789000 	C:\WINDOWS\WinSxS\amd64_microsoft.windows.common-controls_6595b64144ccf1df_6.0.17763.615_none_05b4414a072024d4\COMCTL32.dll
0x00007ffdcbf50000 - 0x00007ffdcc27c000 	C:\WINDOWS\System32\combase.dll
0x00007ffdbedf0000 - 0x00007ffdbedfa000 	C:\WINDOWS\SYSTEM32\VERSION.dll
0x00007ffdc9970000 - 0x00007ffdc99ee000 	C:\WINDOWS\System32\bcryptPrimitives.dll
0x00007ffdcb5f0000 - 0x00007ffdcb61e000 	C:\WINDOWS\System32\IMM32.DLL
0x00007ffda0980000 - 0x00007ffda0996000 	C:\Program Files\Java\jdk-11.0.1\bin\vcruntime140.dll
0x00007ffd7f510000 - 0x00007ffd7f5ba000 	C:\Program Files\Java\jdk-11.0.1\bin\msvcp140.dll
0x00007ffd7e020000 - 0x00007ffd7eb62000 	C:\Program Files\Java\jdk-11.0.1\bin\server\jvm.dll
0x00007ffdcbb30000 - 0x00007ffdcbb38000 	C:\WINDOWS\System32\PSAPI.DLL
0x00007ffdc4dc0000 - 0x00007ffdc4de4000 	C:\WINDOWS\SYSTEM32\WINMM.dll
0x00007ffdb57a0000 - 0x00007ffdb57a9000 	C:\WINDOWS\SYSTEM32\WSOCK32.dll
0x00007ffdcbba0000 - 0x00007ffdcbc0d000 	C:\WINDOWS\System32\WS2_32.dll
0x00007ffdc4bc0000 - 0x00007ffdc4bed000 	C:\WINDOWS\SYSTEM32\WINMMBASE.dll
0x00007ffdc98f0000 - 0x00007ffdc993a000 	C:\WINDOWS\System32\cfgmgr32.dll
0x00007ffdc8860000 - 0x00007ffdc8871000 	C:\WINDOWS\System32\kernel.appcore.dll
0x00007ffd9ab90000 - 0x00007ffd9aba1000 	C:\Program Files\Java\jdk-11.0.1\bin\verify.dll
0x00007ffdb8fc0000 - 0x00007ffdb91ad000 	C:\WINDOWS\SYSTEM32\DBGHELP.DLL
0x00007ffdb8f90000 - 0x00007ffdb8fba000 	C:\WINDOWS\SYSTEM32\dbgcore.DLL
0x00007ffd93900000 - 0x00007ffd93929000 	C:\Program Files\Java\jdk-11.0.1\bin\java.dll
0x00007ffd98b70000 - 0x00007ffd98b86000 	C:\Program Files\Java\jdk-11.0.1\bin\zip.dll
0x00007ffdb0010000 - 0x00007ffdb001a000 	C:\Program Files\Java\jdk-11.0.1\bin\jimage.dll
0x00007ffdc9c70000 - 0x00007ffdcb160000 	C:\WINDOWS\System32\SHELL32.dll
0x00007ffdcb9b0000 - 0x00007ffdcba58000 	C:\WINDOWS\System32\shcore.dll
0x00007ffdc8a30000 - 0x00007ffdc917a000 	C:\WINDOWS\System32\windows.storage.dll
0x00007ffdc8880000 - 0x00007ffdc88a4000 	C:\WINDOWS\System32\profapi.dll
0x00007ffdc88d0000 - 0x00007ffdc892d000 	C:\WINDOWS\System32\powrprof.dll
0x00007ffdcb940000 - 0x00007ffdcb992000 	C:\WINDOWS\System32\shlwapi.dll
0x00007ffdc9580000 - 0x00007ffdc9597000 	C:\WINDOWS\System32\cryptsp.dll
0x00007ffd98ae0000 - 0x00007ffd98af9000 	C:\Program Files\Java\jdk-11.0.1\bin\net.dll
0x00007ffdc4ac0000 - 0x00007ffdc4bb2000 	C:\WINDOWS\SYSTEM32\WINHTTP.dll
0x00007ffdc80d0000 - 0x00007ffdc8137000 	C:\WINDOWS\system32\mswsock.dll
0x00007ffd97b90000 - 0x00007ffd97ba3000 	C:\Program Files\Java\jdk-11.0.1\bin\nio.dll
0x00007ffda0ac0000 - 0x00007ffda0ac9000 	C:\Program Files\Java\jdk-11.0.1\bin\management.dll
0x00007ffd9c5d0000 - 0x00007ffd9c5dc000 	C:\Program Files\Java\jdk-11.0.1\bin\management_ext.dll
0x00007ffdb5750000 - 0x00007ffdb5766000 	C:\WINDOWS\system32\napinsp.dll
0x00007ffdb46d0000 - 0x00007ffdb46ea000 	C:\WINDOWS\system32\pnrpnsp.dll
0x00007ffdc7e70000 - 0x00007ffdc7f36000 	C:\WINDOWS\SYSTEM32\DNSAPI.dll
0x00007ffdcc820000 - 0x00007ffdcc828000 	C:\WINDOWS\System32\NSI.dll
0x00007ffdc7e30000 - 0x00007ffdc7e6d000 	C:\WINDOWS\SYSTEM32\IPHLPAPI.DLL
0x00007ffdb4580000 - 0x00007ffdb458e000 	C:\WINDOWS\System32\winrnr.dll
0x00007ffdc55e0000 - 0x00007ffdc55fb000 	C:\WINDOWS\system32\NLAapi.dll
0x00007ffdb4290000 - 0x00007ffdb42a5000 	C:\WINDOWS\system32\wshbth.dll
0x00007ffdbeb00000 - 0x00007ffdbeb0a000 	C:\Windows\System32\rasadhlp.dll
0x00007ffdbf180000 - 0x00007ffdbf1f9000 	C:\WINDOWS\System32\fwpuclnt.dll
0x00007ffdc9940000 - 0x00007ffdc9966000 	C:\WINDOWS\System32\bcrypt.dll
0x00007ffdc7c90000 - 0x00007ffdc7cc3000 	C:\WINDOWS\system32\rsaenh.dll
0x00007ffdc8760000 - 0x00007ffdc8788000 	C:\WINDOWS\SYSTEM32\USERENV.dll
0x00007ffdc82a0000 - 0x00007ffdc82ac000 	C:\WINDOWS\SYSTEM32\CRYPTBASE.dll
0x00007ffdbf630000 - 0x00007ffdbf646000 	C:\WINDOWS\SYSTEM32\dhcpcsvc6.DLL
0x00007ffdbf610000 - 0x00007ffdbf62c000 	C:\WINDOWS\SYSTEM32\dhcpcsvc.DLL

dbghelp: loaded successfully - version: 4.0.5 - missing functions: none
symbol engine: initialized successfully - sym options: 0x614 - pdb path: .;C:\Program Files\Java\jdk-11.0.1\bin;C:\WINDOWS\SYSTEM32;C:\WINDOWS\WinSxS\amd64_microsoft.windows.common-controls_6595b64144ccf1df_6.0.17763.615_none_05b4414a072024d4;C:\Program Files\Java\jdk-11.0.1\bin\server

VM Arguments:
jvm_args: -Dcom.sun.management.jmxremote -Dcom.sun.management.jmxremote.port=52609 -Dcom.sun.management.jmxremote.authenticate=false -Dcom.sun.management.jmxremote.ssl=false -Djava.rmi.server.hostname=localhost -Dspring.jmx.enabled=true -Dspring.liveBeansView.mbeanDomain -Dspring.application.admin.enabled=true -Xverify:none -XX:TieredStopAtLevel=1 -Dfile.encoding=UTF-8 
java_command: com.alanfalcoski.cursomc.CursomcApplication --spring.output.ansi.enabled=always
java_class_path (initial): C:\spring-boot-ionic-backend\target\classes;C:\Users\alang\.m2\repository\org\springframework\boot\spring-boot-starter-web\2.1.7.RELEASE\spring-boot-starter-web-2.1.7.RELEASE.jar;C:\Users\alang\.m2\repository\org\springframework\boot\spring-boot-starter\2.1.7.RELEASE\spring-boot-starter-2.1.7.RELEASE.jar;C:\Users\alang\.m2\repository\org\springframework\boot\spring-boot-starter-logging\2.1.7.RELEASE\spring-boot-starter-logging-2.1.7.RELEASE.jar;C:\Users\alang\.m2\repository\ch\qos\logback\logback-classic\1.2.3\logback-classic-1.2.3.jar;C:\Users\alang\.m2\repository\ch\qos\logback\logback-core\1.2.3\logback-core-1.2.3.jar;C:\Users\alang\.m2\repository\org\apache\logging\log4j\log4j-to-slf4j\2.11.2\log4j-to-slf4j-2.11.2.jar;C:\Users\alang\.m2\repository\org\apache\logging\log4j\log4j-api\2.11.2\log4j-api-2.11.2.jar;C:\Users\alang\.m2\repository\org\slf4j\jul-to-slf4j\1.7.26\jul-to-slf4j-1.7.26.jar;C:\Users\alang\.m2\repository\javax\annotation\javax.annotation-api\1.3.2\javax.annotation-api-1.3.2.jar;C:\Users\alang\.m2\repository\org\yaml\snakeyaml\1.23\snakeyaml-1.23.jar;C:\Users\alang\.m2\repository\org\springframework\boot\spring-boot-starter-json\2.1.7.RELEASE\spring-boot-starter-json-2.1.7.RELEASE.jar;C:\Users\alang\.m2\repository\com\fasterxml\jackson\datatype\jackson-datatype-jdk8\2.9.9\jackson-datatype-jdk8-2.9.9.jar;C:\Users\alang\.m2\repository\com\fasterxml\jackson\datatype\jackson-datatype-jsr310\2.9.9\jackson-datatype-jsr310-2.9.9.jar;C:\Users\alang\.m2\repository\com\fasterxml\jackson\module\jackson-module-parameter-names\2.9.9\jackson-module-parameter-names-2.9.9.jar;C:\Users\alang\.m2\repository\org\springframework\boot\spring-boot-starter-tomcat\2.1.7.RELEASE\spring-boot-starter-tomcat-2.1.7.RELEASE.jar;C:\Users\alang\.m2\repository\org\apache\tomcat\embed\tomcat-embed-core\9.0.22\tomcat-embed-core-9.0.22.jar;C:\Users\alang\.m2\repository\org\apache\tomcat\embed\tomcat-embed-el\9.0.22\tomcat-embed-el-9.0.22.jar;C:\Users\al
Launcher Type: SUN_STANDARD

[Global flags]
     bool BytecodeVerificationLocal                = false                                     {product} {command line}
     bool BytecodeVerificationRemote               = false                                     {product} {command line}
     intx CICompilerCount                          = 3                                         {product} {ergonomic}
     uint ConcGCThreads                            = 1                                         {product} {ergonomic}
     uint G1ConcRefinementThreads                  = 4                                         {product} {ergonomic}
   size_t G1HeapRegionSize                         = 1048576                                   {product} {ergonomic}
    uintx GCDrainStackTargetSize                   = 64                                        {product} {ergonomic}
   size_t InitialHeapSize                          = 130023424                                 {product} {ergonomic}
     bool ManagementServer                         = true                                      {product} {command line}
   size_t MarkStackSize                            = 4194304                                   {product} {ergonomic}
   size_t MaxHeapSize                              = 2069889024                                {product} {ergonomic}
   size_t MaxNewSize                               = 1241513984                                {product} {ergonomic}
   size_t MinHeapDeltaBytes                        = 1048576                                   {product} {ergonomic}
    uintx NonNMethodCodeHeapSize                   = 6973028                                {pd product} {ergonomic}
    uintx NonProfiledCodeHeapSize                  = 244685212                              {pd product} {ergonomic}
    uintx ProfiledCodeHeapSize                     = 0                                      {pd product} {ergonomic}
    uintx ReservedCodeCacheSize                    = 251658240                              {pd product} {ergonomic}
     bool SegmentedCodeCache                       = true                                      {product} {ergonomic}
     intx TieredStopAtLevel                        = 1                                         {product} {command line}
     bool UseCompressedClassPointers               = true                                 {lp64_product} {ergonomic}
     bool UseCompressedOops                        = true                                 {lp64_product} {ergonomic}
     bool UseG1GC                                  = true                                      {product} {ergonomic}
     bool UseLargePagesIndividualAllocation        = false                                  {pd product} {ergonomic}

Logging:
Log output configuration:
 #0: stdout all=warning uptime,level,tags
 #1: stderr all=off uptime,level,tags

Environment Variables:
JAVA_HOME=C:\Program Files\Java\jdk-11.0.1
PATH=C:/Program Files/Java/jre1.8.0_221/bin/server;C:/Program Files/Java/jre1.8.0_221/bin;C:/Program Files/Java/jre1.8.0_221/lib/amd64;C:\Program Files (x86)\Common Files\Oracle\Java\javapath;C:\ProgramData\Oracle\Java\javapath;C:\Program Files\PHP\v7.2;C:\Program Files\PHP\v5.3;C:\Program Files (x86)\Embarcadero\Studio\20.0\bin;C:\Users\Public\Documents\Embarcadero\Studio\20.0\Bpl;C:\Program Files (x86)\Embarcadero\Studio\20.0\bin64;C:\Users\Public\Documents\Embarcadero\Studio\20.0\Bpl\Win64;C:\WINDOWS\system32;C:\WINDOWS;C:\WINDOWS\System32\Wbem;C:\WINDOWS\System32\WindowsPowerShell\v1.0\;C:\WINDOWS\System32\OpenSSH\;C:\Users\alang\AppData\Local\Programs\Python\Python37-32;C:\Users\alang\AppData\Local\Programs\Python\Python37-32\Scripts;C:\Program Files\PuTTY\;C:\xampp\php;C:\composer;C:\wamp64\bin\php\php7.2.10;C:\Program Files\Java\jdk-11.0.1\bin;C:\Program Files\Git\cmd;C:\Program Files\dotnet\;C:\Program Files\Microsoft SQL Server\130\Tools\Binn\;C:\Program Files\nodejs\;C:\Program Files\TortoiseGit\bin;C:\Program Files\MongoDB\Server\4.0\bin;C:\Program Files\MySQL\MySQL Shell 8.0\bin\;C:\Users\alang\AppData\Local\Programs\Microsoft VS Code\bin;C:\PHP;C:\wamp64\bin\mysql\mysql8.0.18\bin;C:\xampp\mysql\bin;C:\Program Files\MySQL\MySQL Shell 8.0\bin\;C:\Users\alang\AppData\Local\Programs\Microsoft VS Code\bin;C:\Program Files\heroku\bin;C:\Users\alang\Desktop\sts-bundle\sts-3.9.9.RELEASE;
USERNAME=alan
OS=Windows_NT
PROCESSOR_IDENTIFIER=Intel64 Family 6 Model 158 Stepping 9, GenuineIntel



---------------  S Y S T E M  ---------------

OS: Windows 10 , 64 bit Build 17763 (10.0.17763.475)

CPU:total 4 (initial active 4) (4 cores per cpu, 1 threads per core) family 6 model 158 stepping 9, cmov, cx8, fxsr, mmx, sse, sse2, sse3, ssse3, sse4.1, sse4.2, popcnt, avx, avx2, aes, clmul, erms, 3dnowpref, lzcnt, tsc, tscinvbit, bmi1, bmi2, adx, fma

Memory: 4k page, system-wide physical 7892M (2327M free)
TotalPageFile size 15828M (AvailPageFile size 8597M)
current process WorkingSet (physical memory assigned to process): 82M, peak: 82M
current process commit charge ("private bytes"): 216M, peak: 216M

vm_info: Java HotSpot(TM) 64-Bit Server VM (11.0.1+13-LTS) for windows-amd64 JRE (11.0.1+13-LTS), built on Oct  6 2018 13:20:16 by "mach5one" with MS VC++ 15.5 (VS2017)

END.
